[2025-11-27 12:20:52] [INFO] URL watcher online. Source=https://vtmoption.com/getSignal.txt, clear=https://vtmoption.com/signals.php?action=clear, interval=2s
[2025-11-27 12:20:53] [DEBUG] Poll ok: code=200 len=0 last_mod=2025-11-27T12:15:36+00:00 etag="692840e8-0" hash=EMPTY
[2025-11-27 12:20:56] [DEBUG] Poll ok: code=200 len=0 last_mod=2025-11-27T12:15:36+00:00 etag="692840e8-0" hash=EMPTY
[2025-11-27 12:20:59] [DEBUG] Poll ok: code=200 len=0 last_mod=2025-11-27T12:15:36+00:00 etag="692840e8-0" hash=EMPTY
[2025-11-27 12:51:52] [INFO] URL watcher online. Source=https://vtmoption.com/getSignal.txt, clear=https://vtmoption.com/signals.php?action=clear, interval=2s
[2025-11-27 12:51:57] [WARN] Fetch failed: Connection timed out after 5003 milliseconds. HTTP=0 duration=5007.62ms
[2025-11-27 12:52:04] [WARN] Fetch failed: Connection timed out after 5006 milliseconds. HTTP=0 duration=5009.44ms
[2025-12-01 00:46:52] [INFO] Signal storage initialized. Local mirror at C:\xampp\htdocs\option\storage\signals\getSignal.txt
[2025-12-01 00:46:52] [INFO] URL watcher online. Source=file:///c:/xampp/htdocs/option/getSignal.txt, clear=https://vtmoption.com/signals.php?action=clear, interval=2s
[2025-12-01 00:46:52] [ERROR] Uncaught exception: Call to undefined function fetchRemoteSignal() in C:\xampp\htdocs\option\cron\url_signal_watcher.php on line 113
[2025-12-01 00:51:36] [INFO] Signal storage initialized. Local mirror at C:\xampp\htdocs\option\storage\signals\getSignal.txt
[2025-12-01 00:51:36] [INFO] URL watcher online. Source=file:///c:/xampp/htdocs/option/getSignal.txt, clear=https://vtmoption.com/signals.php?action=clear, interval=2s
[2025-12-01 00:51:36] [DEBUG] Poll ok: code=0 len=10 last_mod=n/a etag=n/a hash=999340d48869db49c9668aefff622493910de50b5c92a2643193b513c9ddf346
[2025-12-01 00:51:48] [INFO] Signal processed: type=RISE asset=R_75 signal_id=1 users=1
[2025-12-01 00:51:48] [INFO] Local signal file cleared successfully
[2025-12-01 00:51:50] [DEBUG] Poll ok: code=0 len=10 last_mod=n/a etag=n/a hash=999340d48869db49c9668aefff622493910de50b5c92a2643193b513c9ddf346
[2025-12-01 00:51:52] [DEBUG] Poll ok: code=0 len=10 last_mod=n/a etag=n/a hash=999340d48869db49c9668aefff622493910de50b5c92a2643193b513c9ddf346
[2025-12-01 00:51:54] [DEBUG] Poll ok: code=0 len=10 last_mod=n/a etag=n/a hash=999340d48869db49c9668aefff622493910de50b5c92a2643193b513c9ddf346
[2025-12-01 00:51:56] [DEBUG] Poll ok: code=0 len=10 last_mod=n/a etag=n/a hash=999340d48869db49c9668aefff622493910de50b5c92a2643193b513c9ddf346
[2025-12-01 00:51:58] [DEBUG] Poll ok: code=0 len=10 last_mod=n/a etag=n/a hash=999340d48869db49c9668aefff622493910de50b5c92a2643193b513c9ddf346
[2025-12-01 00:52:00] [DEBUG] Poll ok: code=0 len=10 last_mod=n/a etag=n/a hash=999340d48869db49c9668aefff622493910de50b5c92a2643193b513c9ddf346
[2025-12-01 00:52:02] [DEBUG] Poll ok: code=0 len=10 last_mod=n/a etag=n/a hash=999340d48869db49c9668aefff622493910de50b5c92a2643193b513c9ddf346
[2025-12-01 00:52:04] [DEBUG] Poll ok: code=0 len=10 last_mod=n/a etag=n/a hash=999340d48869db49c9668aefff622493910de50b5c92a2643193b513c9ddf346
[2025-12-01 00:52:06] [DEBUG] Poll ok: code=0 len=10 last_mod=n/a etag=n/a hash=999340d48869db49c9668aefff622493910de50b5c92a2643193b513c9ddf346
[2025-12-01 00:52:08] [DEBUG] Poll ok: code=0 len=10 last_mod=n/a etag=n/a hash=999340d48869db49c9668aefff622493910de50b5c92a2643193b513c9ddf346
[2025-12-01 00:52:10] [DEBUG] Poll ok: code=0 len=10 last_mod=n/a etag=n/a hash=999340d48869db49c9668aefff622493910de50b5c92a2643193b513c9ddf346
[2025-12-01 00:52:12] [DEBUG] Poll ok: code=0 len=10 last_mod=n/a etag=n/a hash=999340d48869db49c9668aefff622493910de50b5c92a2643193b513c9ddf346
[2025-12-01 00:52:14] [DEBUG] Poll ok: code=0 len=10 last_mod=n/a etag=n/a hash=999340d48869db49c9668aefff622493910de50b5c92a2643193b513c9ddf346
[2025-12-01 00:52:16] [DEBUG] Poll ok: code=0 len=10 last_mod=n/a etag=n/a hash=999340d48869db49c9668aefff622493910de50b5c92a2643193b513c9ddf346
[2025-12-01 00:52:18] [DEBUG] Poll ok: code=0 len=10 last_mod=n/a etag=n/a hash=999340d48869db49c9668aefff622493910de50b5c92a2643193b513c9ddf346
[2025-12-01 00:52:20] [DEBUG] Poll ok: code=0 len=10 last_mod=n/a etag=n/a hash=999340d48869db49c9668aefff622493910de50b5c92a2643193b513c9ddf346
[2025-12-01 00:52:22] [DEBUG] Poll ok: code=0 len=10 last_mod=n/a etag=n/a hash=999340d48869db49c9668aefff622493910de50b5c92a2643193b513c9ddf346
[2025-12-01 00:52:24] [DEBUG] Poll ok: code=0 len=10 last_mod=n/a etag=n/a hash=999340d48869db49c9668aefff622493910de50b5c92a2643193b513c9ddf346
[2025-12-01 00:52:26] [DEBUG] Poll ok: code=0 len=10 last_mod=n/a etag=n/a hash=999340d48869db49c9668aefff622493910de50b5c92a2643193b513c9ddf346
[2025-12-01 00:52:28] [DEBUG] Poll ok: code=0 len=10 last_mod=n/a etag=n/a hash=999340d48869db49c9668aefff622493910de50b5c92a2643193b513c9ddf346
[2025-12-01 00:52:30] [DEBUG] Poll ok: code=0 len=10 last_mod=n/a etag=n/a hash=999340d48869db49c9668aefff622493910de50b5c92a2643193b513c9ddf346
[2025-12-01 00:52:32] [DEBUG] Poll ok: code=0 len=10 last_mod=n/a etag=n/a hash=999340d48869db49c9668aefff622493910de50b5c92a2643193b513c9ddf346
[2025-12-01 00:52:34] [DEBUG] Poll ok: code=0 len=10 last_mod=n/a etag=n/a hash=999340d48869db49c9668aefff622493910de50b5c92a2643193b513c9ddf346
[2025-12-01 00:52:36] [DEBUG] Poll ok: code=0 len=10 last_mod=n/a etag=n/a hash=999340d48869db49c9668aefff622493910de50b5c92a2643193b513c9ddf346
[2025-12-01 00:52:38] [DEBUG] Poll ok: code=0 len=10 last_mod=n/a etag=n/a hash=999340d48869db49c9668aefff622493910de50b5c92a2643193b513c9ddf346
[2025-12-01 00:52:40] [DEBUG] Poll ok: code=0 len=10 last_mod=n/a etag=n/a hash=999340d48869db49c9668aefff622493910de50b5c92a2643193b513c9ddf346
[2025-12-01 00:52:42] [DEBUG] Poll ok: code=0 len=10 last_mod=n/a etag=n/a hash=999340d48869db49c9668aefff622493910de50b5c92a2643193b513c9ddf346
[2025-12-01 00:52:44] [DEBUG] Poll ok: code=0 len=10 last_mod=n/a etag=n/a hash=999340d48869db49c9668aefff622493910de50b5c92a2643193b513c9ddf346
[2025-12-01 00:52:46] [DEBUG] Poll ok: code=0 len=10 last_mod=n/a etag=n/a hash=999340d48869db49c9668aefff622493910de50b5c92a2643193b513c9ddf346
[2025-12-01 00:52:48] [DEBUG] Poll ok: code=0 len=10 last_mod=n/a etag=n/a hash=999340d48869db49c9668aefff622493910de50b5c92a2643193b513c9ddf346
[2025-12-01 00:52:50] [DEBUG] Poll ok: code=0 len=10 last_mod=n/a etag=n/a hash=999340d48869db49c9668aefff622493910de50b5c92a2643193b513c9ddf346
[2025-12-01 00:52:52] [DEBUG] Poll ok: code=0 len=10 last_mod=n/a etag=n/a hash=999340d48869db49c9668aefff622493910de50b5c92a2643193b513c9ddf346
[2025-12-01 00:52:54] [DEBUG] Poll ok: code=0 len=10 last_mod=n/a etag=n/a hash=999340d48869db49c9668aefff622493910de50b5c92a2643193b513c9ddf346
[2025-12-01 00:52:56] [DEBUG] Poll ok: code=0 len=10 last_mod=n/a etag=n/a hash=999340d48869db49c9668aefff622493910de50b5c92a2643193b513c9ddf346
[2025-12-01 00:52:58] [DEBUG] Poll ok: code=0 len=10 last_mod=n/a etag=n/a hash=999340d48869db49c9668aefff622493910de50b5c92a2643193b513c9ddf346
[2025-12-01 00:53:00] [DEBUG] Poll ok: code=0 len=10 last_mod=n/a etag=n/a hash=999340d48869db49c9668aefff622493910de50b5c92a2643193b513c9ddf346
[2025-12-01 00:53:02] [DEBUG] Poll ok: code=0 len=10 last_mod=n/a etag=n/a hash=999340d48869db49c9668aefff622493910de50b5c92a2643193b513c9ddf346
[2025-12-01 00:53:04] [DEBUG] Poll ok: code=0 len=10 last_mod=n/a etag=n/a hash=999340d48869db49c9668aefff622493910de50b5c92a2643193b513c9ddf346
[2025-12-01 00:53:06] [DEBUG] Poll ok: code=0 len=10 last_mod=n/a etag=n/a hash=999340d48869db49c9668aefff622493910de50b5c92a2643193b513c9ddf346
[2025-12-01 00:53:08] [DEBUG] Poll ok: code=0 len=10 last_mod=n/a etag=n/a hash=999340d48869db49c9668aefff622493910de50b5c92a2643193b513c9ddf346
[2025-12-01 00:53:10] [DEBUG] Poll ok: code=0 len=10 last_mod=n/a etag=n/a hash=999340d48869db49c9668aefff622493910de50b5c92a2643193b513c9ddf346
[2025-12-01 00:53:12] [DEBUG] Poll ok: code=0 len=10 last_mod=n/a etag=n/a hash=999340d48869db49c9668aefff622493910de50b5c92a2643193b513c9ddf346
[2025-12-01 00:53:14] [DEBUG] Poll ok: code=0 len=10 last_mod=n/a etag=n/a hash=999340d48869db49c9668aefff622493910de50b5c92a2643193b513c9ddf346
[2025-12-01 00:53:16] [DEBUG] Poll ok: code=0 len=10 last_mod=n/a etag=n/a hash=999340d48869db49c9668aefff622493910de50b5c92a2643193b513c9ddf346
[2025-12-01 00:53:19] [DEBUG] Poll ok: code=0 len=10 last_mod=n/a etag=n/a hash=999340d48869db49c9668aefff622493910de50b5c92a2643193b513c9ddf346
[2025-12-01 00:53:21] [DEBUG] Poll ok: code=0 len=10 last_mod=n/a etag=n/a hash=999340d48869db49c9668aefff622493910de50b5c92a2643193b513c9ddf346
[2025-12-01 00:53:23] [DEBUG] Poll ok: code=0 len=10 last_mod=n/a etag=n/a hash=999340d48869db49c9668aefff622493910de50b5c92a2643193b513c9ddf346
[2025-12-01 00:53:25] [DEBUG] Poll ok: code=0 len=10 last_mod=n/a etag=n/a hash=999340d48869db49c9668aefff622493910de50b5c92a2643193b513c9ddf346
[2025-12-01 00:53:27] [DEBUG] Poll ok: code=0 len=10 last_mod=n/a etag=n/a hash=999340d48869db49c9668aefff622493910de50b5c92a2643193b513c9ddf346
[2025-12-01 00:53:29] [DEBUG] Poll ok: code=0 len=10 last_mod=n/a etag=n/a hash=999340d48869db49c9668aefff622493910de50b5c92a2643193b513c9ddf346
[2025-12-01 00:53:31] [DEBUG] Poll ok: code=0 len=10 last_mod=n/a etag=n/a hash=999340d48869db49c9668aefff622493910de50b5c92a2643193b513c9ddf346
[2025-12-01 00:53:33] [DEBUG] Poll ok: code=0 len=10 last_mod=n/a etag=n/a hash=999340d48869db49c9668aefff622493910de50b5c92a2643193b513c9ddf346
[2025-12-01 00:53:35] [DEBUG] Poll ok: code=0 len=10 last_mod=n/a etag=n/a hash=999340d48869db49c9668aefff622493910de50b5c92a2643193b513c9ddf346
[2025-12-01 00:53:37] [DEBUG] Poll ok: code=0 len=10 last_mod=n/a etag=n/a hash=999340d48869db49c9668aefff622493910de50b5c92a2643193b513c9ddf346
[2025-12-01 00:53:39] [DEBUG] Poll ok: code=0 len=10 last_mod=n/a etag=n/a hash=999340d48869db49c9668aefff622493910de50b5c92a2643193b513c9ddf346
[2025-12-01 00:53:41] [DEBUG] Poll ok: code=0 len=10 last_mod=n/a etag=n/a hash=999340d48869db49c9668aefff622493910de50b5c92a2643193b513c9ddf346
[2025-12-01 00:53:43] [DEBUG] Poll ok: code=0 len=10 last_mod=n/a etag=n/a hash=999340d48869db49c9668aefff622493910de50b5c92a2643193b513c9ddf346
[2025-12-01 00:53:45] [DEBUG] Poll ok: code=0 len=10 last_mod=n/a etag=n/a hash=999340d48869db49c9668aefff622493910de50b5c92a2643193b513c9ddf346
[2025-12-01 00:53:47] [DEBUG] Poll ok: code=0 len=10 last_mod=n/a etag=n/a hash=999340d48869db49c9668aefff622493910de50b5c92a2643193b513c9ddf346
[2025-12-01 00:53:49] [DEBUG] Poll ok: code=0 len=10 last_mod=n/a etag=n/a hash=999340d48869db49c9668aefff622493910de50b5c92a2643193b513c9ddf346
[2025-12-01 00:53:51] [DEBUG] Poll ok: code=0 len=10 last_mod=n/a etag=n/a hash=999340d48869db49c9668aefff622493910de50b5c92a2643193b513c9ddf346
[2025-12-01 00:53:53] [DEBUG] Poll ok: code=0 len=10 last_mod=n/a etag=n/a hash=999340d48869db49c9668aefff622493910de50b5c92a2643193b513c9ddf346
[2025-12-01 00:53:55] [DEBUG] Poll ok: code=0 len=10 last_mod=n/a etag=n/a hash=999340d48869db49c9668aefff622493910de50b5c92a2643193b513c9ddf346
[2025-12-01 00:53:57] [DEBUG] Poll ok: code=0 len=10 last_mod=n/a etag=n/a hash=999340d48869db49c9668aefff622493910de50b5c92a2643193b513c9ddf346
[2025-12-01 00:53:59] [DEBUG] Poll ok: code=0 len=10 last_mod=n/a etag=n/a hash=999340d48869db49c9668aefff622493910de50b5c92a2643193b513c9ddf346
[2025-12-01 00:54:01] [DEBUG] Poll ok: code=0 len=10 last_mod=n/a etag=n/a hash=999340d48869db49c9668aefff622493910de50b5c92a2643193b513c9ddf346
[2025-12-01 00:54:03] [DEBUG] Poll ok: code=0 len=10 last_mod=n/a etag=n/a hash=999340d48869db49c9668aefff622493910de50b5c92a2643193b513c9ddf346
[2025-12-01 00:54:05] [DEBUG] Poll ok: code=0 len=10 last_mod=n/a etag=n/a hash=999340d48869db49c9668aefff622493910de50b5c92a2643193b513c9ddf346
[2025-12-01 00:54:07] [DEBUG] Poll ok: code=0 len=10 last_mod=n/a etag=n/a hash=999340d48869db49c9668aefff622493910de50b5c92a2643193b513c9ddf346
[2025-12-01 00:54:09] [DEBUG] Poll ok: code=0 len=10 last_mod=n/a etag=n/a hash=999340d48869db49c9668aefff622493910de50b5c92a2643193b513c9ddf346
[2025-12-01 00:54:11] [DEBUG] Poll ok: code=0 len=10 last_mod=n/a etag=n/a hash=999340d48869db49c9668aefff622493910de50b5c92a2643193b513c9ddf346
[2025-12-01 00:54:13] [DEBUG] Poll ok: code=0 len=10 last_mod=n/a etag=n/a hash=999340d48869db49c9668aefff622493910de50b5c92a2643193b513c9ddf346
[2025-12-01 00:54:15] [DEBUG] Poll ok: code=0 len=10 last_mod=n/a etag=n/a hash=999340d48869db49c9668aefff622493910de50b5c92a2643193b513c9ddf346
[2025-12-01 00:54:17] [DEBUG] Poll ok: code=0 len=10 last_mod=n/a etag=n/a hash=999340d48869db49c9668aefff622493910de50b5c92a2643193b513c9ddf346
[2025-12-01 00:54:19] [DEBUG] Poll ok: code=0 len=10 last_mod=n/a etag=n/a hash=999340d48869db49c9668aefff622493910de50b5c92a2643193b513c9ddf346
[2025-12-01 00:54:21] [DEBUG] Poll ok: code=0 len=10 last_mod=n/a etag=n/a hash=999340d48869db49c9668aefff622493910de50b5c92a2643193b513c9ddf346
[2025-12-01 00:54:23] [DEBUG] Poll ok: code=0 len=10 last_mod=n/a etag=n/a hash=999340d48869db49c9668aefff622493910de50b5c92a2643193b513c9ddf346
[2025-12-01 00:54:25] [DEBUG] Poll ok: code=0 len=10 last_mod=n/a etag=n/a hash=999340d48869db49c9668aefff622493910de50b5c92a2643193b513c9ddf346
[2025-12-01 00:54:27] [DEBUG] Poll ok: code=0 len=10 last_mod=n/a etag=n/a hash=999340d48869db49c9668aefff622493910de50b5c92a2643193b513c9ddf346
[2025-12-01 00:54:29] [DEBUG] Poll ok: code=0 len=10 last_mod=n/a etag=n/a hash=999340d48869db49c9668aefff622493910de50b5c92a2643193b513c9ddf346
[2025-12-01 00:54:31] [DEBUG] Poll ok: code=0 len=10 last_mod=n/a etag=n/a hash=999340d48869db49c9668aefff622493910de50b5c92a2643193b513c9ddf346
[2025-12-01 00:54:33] [DEBUG] Poll ok: code=0 len=10 last_mod=n/a etag=n/a hash=999340d48869db49c9668aefff622493910de50b5c92a2643193b513c9ddf346
[2025-12-01 00:54:35] [DEBUG] Poll ok: code=0 len=10 last_mod=n/a etag=n/a hash=999340d48869db49c9668aefff622493910de50b5c92a2643193b513c9ddf346
[2025-12-01 00:54:37] [DEBUG] Poll ok: code=0 len=10 last_mod=n/a etag=n/a hash=999340d48869db49c9668aefff622493910de50b5c92a2643193b513c9ddf346
[2025-12-01 00:54:39] [DEBUG] Poll ok: code=0 len=10 last_mod=n/a etag=n/a hash=999340d48869db49c9668aefff622493910de50b5c92a2643193b513c9ddf346
[2025-12-01 00:54:41] [DEBUG] Poll ok: code=0 len=10 last_mod=n/a etag=n/a hash=999340d48869db49c9668aefff622493910de50b5c92a2643193b513c9ddf346
[2025-12-01 00:54:43] [DEBUG] Poll ok: code=0 len=10 last_mod=n/a etag=n/a hash=999340d48869db49c9668aefff622493910de50b5c92a2643193b513c9ddf346
[2025-12-01 00:54:45] [DEBUG] Poll ok: code=0 len=10 last_mod=n/a etag=n/a hash=999340d48869db49c9668aefff622493910de50b5c92a2643193b513c9ddf346
[2025-12-01 00:54:47] [DEBUG] Poll ok: code=0 len=10 last_mod=n/a etag=n/a hash=999340d48869db49c9668aefff622493910de50b5c92a2643193b513c9ddf346
[2025-12-01 00:54:49] [DEBUG] Poll ok: code=0 len=10 last_mod=n/a etag=n/a hash=999340d48869db49c9668aefff622493910de50b5c92a2643193b513c9ddf346
[2025-12-01 00:54:51] [DEBUG] Poll ok: code=0 len=10 last_mod=n/a etag=n/a hash=999340d48869db49c9668aefff622493910de50b5c92a2643193b513c9ddf346
[2025-12-01 00:54:53] [DEBUG] Poll ok: code=0 len=10 last_mod=n/a etag=n/a hash=999340d48869db49c9668aefff622493910de50b5c92a2643193b513c9ddf346
[2025-12-01 00:54:55] [DEBUG] Poll ok: code=0 len=10 last_mod=n/a etag=n/a hash=999340d48869db49c9668aefff622493910de50b5c92a2643193b513c9ddf346
[2025-12-01 00:54:57] [DEBUG] Poll ok: code=0 len=10 last_mod=n/a etag=n/a hash=999340d48869db49c9668aefff622493910de50b5c92a2643193b513c9ddf346
[2025-12-01 00:54:59] [DEBUG] Poll ok: code=0 len=10 last_mod=n/a etag=n/a hash=999340d48869db49c9668aefff622493910de50b5c92a2643193b513c9ddf346
[2025-12-01 00:55:01] [DEBUG] Poll ok: code=0 len=10 last_mod=n/a etag=n/a hash=999340d48869db49c9668aefff622493910de50b5c92a2643193b513c9ddf346
[2025-12-01 00:55:03] [DEBUG] Poll ok: code=0 len=10 last_mod=n/a etag=n/a hash=999340d48869db49c9668aefff622493910de50b5c92a2643193b513c9ddf346
[2025-12-01 00:55:05] [DEBUG] Poll ok: code=0 len=10 last_mod=n/a etag=n/a hash=999340d48869db49c9668aefff622493910de50b5c92a2643193b513c9ddf346
[2025-12-01 00:55:07] [DEBUG] Poll ok: code=0 len=10 last_mod=n/a etag=n/a hash=999340d48869db49c9668aefff622493910de50b5c92a2643193b513c9ddf346
[2025-12-01 00:55:09] [DEBUG] Poll ok: code=0 len=10 last_mod=n/a etag=n/a hash=999340d48869db49c9668aefff622493910de50b5c92a2643193b513c9ddf346
[2025-12-01 00:55:11] [DEBUG] Poll ok: code=0 len=10 last_mod=n/a etag=n/a hash=999340d48869db49c9668aefff622493910de50b5c92a2643193b513c9ddf346
[2025-12-01 00:55:13] [DEBUG] Poll ok: code=0 len=10 last_mod=n/a etag=n/a hash=999340d48869db49c9668aefff622493910de50b5c92a2643193b513c9ddf346
[2025-12-01 00:55:15] [DEBUG] Poll ok: code=0 len=10 last_mod=n/a etag=n/a hash=999340d48869db49c9668aefff622493910de50b5c92a2643193b513c9ddf346
[2025-12-01 00:55:17] [DEBUG] Poll ok: code=0 len=10 last_mod=n/a etag=n/a hash=999340d48869db49c9668aefff622493910de50b5c92a2643193b513c9ddf346
[2025-12-01 00:55:19] [DEBUG] Poll ok: code=0 len=10 last_mod=n/a etag=n/a hash=999340d48869db49c9668aefff622493910de50b5c92a2643193b513c9ddf346
[2025-12-01 00:55:21] [DEBUG] Poll ok: code=0 len=10 last_mod=n/a etag=n/a hash=999340d48869db49c9668aefff622493910de50b5c92a2643193b513c9ddf346
[2025-12-01 00:55:23] [DEBUG] Poll ok: code=0 len=10 last_mod=n/a etag=n/a hash=999340d48869db49c9668aefff622493910de50b5c92a2643193b513c9ddf346
[2025-12-01 00:55:25] [DEBUG] Poll ok: code=0 len=10 last_mod=n/a etag=n/a hash=999340d48869db49c9668aefff622493910de50b5c92a2643193b513c9ddf346
[2025-12-01 00:55:27] [DEBUG] Poll ok: code=0 len=10 last_mod=n/a etag=n/a hash=999340d48869db49c9668aefff622493910de50b5c92a2643193b513c9ddf346
[2025-12-01 00:55:29] [DEBUG] Poll ok: code=0 len=10 last_mod=n/a etag=n/a hash=999340d48869db49c9668aefff622493910de50b5c92a2643193b513c9ddf346
[2025-12-01 00:55:31] [DEBUG] Poll ok: code=0 len=10 last_mod=n/a etag=n/a hash=999340d48869db49c9668aefff622493910de50b5c92a2643193b513c9ddf346
[2025-12-01 00:55:33] [DEBUG] Poll ok: code=0 len=10 last_mod=n/a etag=n/a hash=999340d48869db49c9668aefff622493910de50b5c92a2643193b513c9ddf346
[2025-12-01 00:55:35] [DEBUG] Poll ok: code=0 len=10 last_mod=n/a etag=n/a hash=999340d48869db49c9668aefff622493910de50b5c92a2643193b513c9ddf346
[2025-12-01 00:55:37] [DEBUG] Poll ok: code=0 len=10 last_mod=n/a etag=n/a hash=999340d48869db49c9668aefff622493910de50b5c92a2643193b513c9ddf346
[2025-12-01 00:55:39] [DEBUG] Poll ok: code=0 len=10 last_mod=n/a etag=n/a hash=999340d48869db49c9668aefff622493910de50b5c92a2643193b513c9ddf346
[2025-12-01 00:55:41] [DEBUG] Poll ok: code=0 len=10 last_mod=n/a etag=n/a hash=999340d48869db49c9668aefff622493910de50b5c92a2643193b513c9ddf346
[2025-12-01 00:55:43] [DEBUG] Poll ok: code=0 len=10 last_mod=n/a etag=n/a hash=999340d48869db49c9668aefff622493910de50b5c92a2643193b513c9ddf346
[2025-12-01 00:55:45] [DEBUG] Poll ok: code=0 len=10 last_mod=n/a etag=n/a hash=999340d48869db49c9668aefff622493910de50b5c92a2643193b513c9ddf346
[2025-12-01 00:55:47] [DEBUG] Poll ok: code=0 len=10 last_mod=n/a etag=n/a hash=999340d48869db49c9668aefff622493910de50b5c92a2643193b513c9ddf346
[2025-12-01 00:55:49] [DEBUG] Poll ok: code=0 len=10 last_mod=n/a etag=n/a hash=999340d48869db49c9668aefff622493910de50b5c92a2643193b513c9ddf346
[2025-12-01 00:55:51] [DEBUG] Poll ok: code=0 len=10 last_mod=n/a etag=n/a hash=999340d48869db49c9668aefff622493910de50b5c92a2643193b513c9ddf346
[2025-12-01 00:55:53] [DEBUG] Poll ok: code=0 len=10 last_mod=n/a etag=n/a hash=999340d48869db49c9668aefff622493910de50b5c92a2643193b513c9ddf346
[2025-12-01 00:55:55] [DEBUG] Poll ok: code=0 len=10 last_mod=n/a etag=n/a hash=999340d48869db49c9668aefff622493910de50b5c92a2643193b513c9ddf346
[2025-12-01 00:55:57] [DEBUG] Poll ok: code=0 len=10 last_mod=n/a etag=n/a hash=999340d48869db49c9668aefff622493910de50b5c92a2643193b513c9ddf346
[2025-12-01 00:55:59] [DEBUG] Poll ok: code=0 len=10 last_mod=n/a etag=n/a hash=999340d48869db49c9668aefff622493910de50b5c92a2643193b513c9ddf346
[2025-12-01 00:56:01] [DEBUG] Poll ok: code=0 len=10 last_mod=n/a etag=n/a hash=999340d48869db49c9668aefff622493910de50b5c92a2643193b513c9ddf346
[2025-12-01 00:56:03] [DEBUG] Poll ok: code=0 len=10 last_mod=n/a etag=n/a hash=999340d48869db49c9668aefff622493910de50b5c92a2643193b513c9ddf346
[2025-12-01 00:56:05] [DEBUG] Poll ok: code=0 len=10 last_mod=n/a etag=n/a hash=999340d48869db49c9668aefff622493910de50b5c92a2643193b513c9ddf346
[2025-12-01 00:56:07] [DEBUG] Poll ok: code=0 len=10 last_mod=n/a etag=n/a hash=999340d48869db49c9668aefff622493910de50b5c92a2643193b513c9ddf346
[2025-12-01 00:56:09] [DEBUG] Poll ok: code=0 len=10 last_mod=n/a etag=n/a hash=999340d48869db49c9668aefff622493910de50b5c92a2643193b513c9ddf346
[2025-12-01 00:56:11] [DEBUG] Poll ok: code=0 len=10 last_mod=n/a etag=n/a hash=999340d48869db49c9668aefff622493910de50b5c92a2643193b513c9ddf346
[2025-12-01 00:56:13] [DEBUG] Poll ok: code=0 len=10 last_mod=n/a etag=n/a hash=999340d48869db49c9668aefff622493910de50b5c92a2643193b513c9ddf346
[2025-12-01 00:56:15] [DEBUG] Poll ok: code=0 len=10 last_mod=n/a etag=n/a hash=999340d48869db49c9668aefff622493910de50b5c92a2643193b513c9ddf346
[2025-12-01 00:56:17] [DEBUG] Poll ok: code=0 len=10 last_mod=n/a etag=n/a hash=999340d48869db49c9668aefff622493910de50b5c92a2643193b513c9ddf346
[2025-12-01 00:56:19] [DEBUG] Poll ok: code=0 len=10 last_mod=n/a etag=n/a hash=999340d48869db49c9668aefff622493910de50b5c92a2643193b513c9ddf346
[2025-12-01 00:56:21] [DEBUG] Poll ok: code=0 len=10 last_mod=n/a etag=n/a hash=999340d48869db49c9668aefff622493910de50b5c92a2643193b513c9ddf346
[2025-12-01 00:56:23] [DEBUG] Poll ok: code=0 len=10 last_mod=n/a etag=n/a hash=999340d48869db49c9668aefff622493910de50b5c92a2643193b513c9ddf346
[2025-12-01 00:56:25] [DEBUG] Poll ok: code=0 len=10 last_mod=n/a etag=n/a hash=999340d48869db49c9668aefff622493910de50b5c92a2643193b513c9ddf346
[2025-12-01 00:56:27] [DEBUG] Poll ok: code=0 len=10 last_mod=n/a etag=n/a hash=999340d48869db49c9668aefff622493910de50b5c92a2643193b513c9ddf346
[2025-12-01 00:56:29] [DEBUG] Poll ok: code=0 len=10 last_mod=n/a etag=n/a hash=999340d48869db49c9668aefff622493910de50b5c92a2643193b513c9ddf346
[2025-12-01 00:56:31] [DEBUG] Poll ok: code=0 len=10 last_mod=n/a etag=n/a hash=999340d48869db49c9668aefff622493910de50b5c92a2643193b513c9ddf346
[2025-12-01 00:56:33] [DEBUG] Poll ok: code=0 len=10 last_mod=n/a etag=n/a hash=999340d48869db49c9668aefff622493910de50b5c92a2643193b513c9ddf346
[2025-12-01 00:56:35] [DEBUG] Poll ok: code=0 len=10 last_mod=n/a etag=n/a hash=999340d48869db49c9668aefff622493910de50b5c92a2643193b513c9ddf346
[2025-12-01 00:56:37] [DEBUG] Poll ok: code=0 len=10 last_mod=n/a etag=n/a hash=999340d48869db49c9668aefff622493910de50b5c92a2643193b513c9ddf346
[2025-12-01 00:56:39] [DEBUG] Poll ok: code=0 len=10 last_mod=n/a etag=n/a hash=999340d48869db49c9668aefff622493910de50b5c92a2643193b513c9ddf346
[2025-12-01 00:56:41] [DEBUG] Poll ok: code=0 len=10 last_mod=n/a etag=n/a hash=999340d48869db49c9668aefff622493910de50b5c92a2643193b513c9ddf346
[2025-12-01 00:56:43] [DEBUG] Poll ok: code=0 len=10 last_mod=n/a etag=n/a hash=999340d48869db49c9668aefff622493910de50b5c92a2643193b513c9ddf346
[2025-12-01 00:56:45] [DEBUG] Poll ok: code=0 len=10 last_mod=n/a etag=n/a hash=999340d48869db49c9668aefff622493910de50b5c92a2643193b513c9ddf346
[2025-12-01 00:56:47] [DEBUG] Poll ok: code=0 len=10 last_mod=n/a etag=n/a hash=999340d48869db49c9668aefff622493910de50b5c92a2643193b513c9ddf346
[2025-12-01 00:56:49] [DEBUG] Poll ok: code=0 len=10 last_mod=n/a etag=n/a hash=999340d48869db49c9668aefff622493910de50b5c92a2643193b513c9ddf346
[2025-12-01 00:56:52] [DEBUG] Poll ok: code=0 len=10 last_mod=n/a etag=n/a hash=999340d48869db49c9668aefff622493910de50b5c92a2643193b513c9ddf346
[2025-12-01 00:56:54] [DEBUG] Poll ok: code=0 len=10 last_mod=n/a etag=n/a hash=999340d48869db49c9668aefff622493910de50b5c92a2643193b513c9ddf346
[2025-12-01 00:56:56] [DEBUG] Poll ok: code=0 len=10 last_mod=n/a etag=n/a hash=999340d48869db49c9668aefff622493910de50b5c92a2643193b513c9ddf346
[2025-12-01 00:56:58] [DEBUG] Poll ok: code=0 len=10 last_mod=n/a etag=n/a hash=999340d48869db49c9668aefff622493910de50b5c92a2643193b513c9ddf346
[2025-12-01 00:57:00] [DEBUG] Poll ok: code=0 len=10 last_mod=n/a etag=n/a hash=999340d48869db49c9668aefff622493910de50b5c92a2643193b513c9ddf346
[2025-12-01 00:57:02] [DEBUG] Poll ok: code=0 len=10 last_mod=n/a etag=n/a hash=999340d48869db49c9668aefff622493910de50b5c92a2643193b513c9ddf346
[2025-12-01 00:57:04] [DEBUG] Poll ok: code=0 len=10 last_mod=n/a etag=n/a hash=999340d48869db49c9668aefff622493910de50b5c92a2643193b513c9ddf346
[2025-12-01 00:57:06] [DEBUG] Poll ok: code=0 len=10 last_mod=n/a etag=n/a hash=999340d48869db49c9668aefff622493910de50b5c92a2643193b513c9ddf346
[2025-12-01 00:57:08] [DEBUG] Poll ok: code=0 len=10 last_mod=n/a etag=n/a hash=999340d48869db49c9668aefff622493910de50b5c92a2643193b513c9ddf346
[2025-12-01 00:57:10] [DEBUG] Poll ok: code=0 len=10 last_mod=n/a etag=n/a hash=999340d48869db49c9668aefff622493910de50b5c92a2643193b513c9ddf346
[2025-12-01 00:57:12] [DEBUG] Poll ok: code=0 len=10 last_mod=n/a etag=n/a hash=999340d48869db49c9668aefff622493910de50b5c92a2643193b513c9ddf346
[2025-12-01 00:57:14] [DEBUG] Poll ok: code=0 len=10 last_mod=n/a etag=n/a hash=999340d48869db49c9668aefff622493910de50b5c92a2643193b513c9ddf346
[2025-12-01 00:57:16] [DEBUG] Poll ok: code=0 len=10 last_mod=n/a etag=n/a hash=999340d48869db49c9668aefff622493910de50b5c92a2643193b513c9ddf346
[2025-12-01 00:57:18] [DEBUG] Poll ok: code=0 len=10 last_mod=n/a etag=n/a hash=999340d48869db49c9668aefff622493910de50b5c92a2643193b513c9ddf346
[2025-12-01 00:57:20] [DEBUG] Poll ok: code=0 len=10 last_mod=n/a etag=n/a hash=999340d48869db49c9668aefff622493910de50b5c92a2643193b513c9ddf346
[2025-12-01 00:57:22] [DEBUG] Poll ok: code=0 len=10 last_mod=n/a etag=n/a hash=999340d48869db49c9668aefff622493910de50b5c92a2643193b513c9ddf346
[2025-12-01 00:57:24] [DEBUG] Poll ok: code=0 len=10 last_mod=n/a etag=n/a hash=999340d48869db49c9668aefff622493910de50b5c92a2643193b513c9ddf346
[2025-12-01 00:57:26] [DEBUG] Poll ok: code=0 len=10 last_mod=n/a etag=n/a hash=999340d48869db49c9668aefff622493910de50b5c92a2643193b513c9ddf346
[2025-12-01 00:57:28] [DEBUG] Poll ok: code=0 len=10 last_mod=n/a etag=n/a hash=999340d48869db49c9668aefff622493910de50b5c92a2643193b513c9ddf346
[2025-12-01 00:57:30] [DEBUG] Poll ok: code=0 len=10 last_mod=n/a etag=n/a hash=999340d48869db49c9668aefff622493910de50b5c92a2643193b513c9ddf346
[2025-12-01 00:57:32] [DEBUG] Poll ok: code=0 len=10 last_mod=n/a etag=n/a hash=999340d48869db49c9668aefff622493910de50b5c92a2643193b513c9ddf346
[2025-12-01 00:57:34] [DEBUG] Poll ok: code=0 len=10 last_mod=n/a etag=n/a hash=999340d48869db49c9668aefff622493910de50b5c92a2643193b513c9ddf346
[2025-12-01 00:57:36] [DEBUG] Poll ok: code=0 len=10 last_mod=n/a etag=n/a hash=999340d48869db49c9668aefff622493910de50b5c92a2643193b513c9ddf346
[2025-12-01 00:57:38] [DEBUG] Poll ok: code=0 len=10 last_mod=n/a etag=n/a hash=999340d48869db49c9668aefff622493910de50b5c92a2643193b513c9ddf346
[2025-12-01 00:57:40] [DEBUG] Poll ok: code=0 len=10 last_mod=n/a etag=n/a hash=999340d48869db49c9668aefff622493910de50b5c92a2643193b513c9ddf346
[2025-12-01 00:57:42] [DEBUG] Poll ok: code=0 len=10 last_mod=n/a etag=n/a hash=999340d48869db49c9668aefff622493910de50b5c92a2643193b513c9ddf346
[2025-12-01 00:57:44] [DEBUG] Poll ok: code=0 len=10 last_mod=n/a etag=n/a hash=999340d48869db49c9668aefff622493910de50b5c92a2643193b513c9ddf346
[2025-12-01 00:57:46] [DEBUG] Poll ok: code=0 len=10 last_mod=n/a etag=n/a hash=999340d48869db49c9668aefff622493910de50b5c92a2643193b513c9ddf346
[2025-12-01 00:57:48] [DEBUG] Poll ok: code=0 len=10 last_mod=n/a etag=n/a hash=999340d48869db49c9668aefff622493910de50b5c92a2643193b513c9ddf346
[2025-12-01 00:57:50] [DEBUG] Poll ok: code=0 len=10 last_mod=n/a etag=n/a hash=999340d48869db49c9668aefff622493910de50b5c92a2643193b513c9ddf346
[2025-12-01 00:57:52] [DEBUG] Poll ok: code=0 len=10 last_mod=n/a etag=n/a hash=999340d48869db49c9668aefff622493910de50b5c92a2643193b513c9ddf346
[2025-12-01 00:57:54] [DEBUG] Poll ok: code=0 len=10 last_mod=n/a etag=n/a hash=999340d48869db49c9668aefff622493910de50b5c92a2643193b513c9ddf346
[2025-12-01 00:57:56] [DEBUG] Poll ok: code=0 len=10 last_mod=n/a etag=n/a hash=999340d48869db49c9668aefff622493910de50b5c92a2643193b513c9ddf346
[2025-12-01 00:57:58] [DEBUG] Poll ok: code=0 len=10 last_mod=n/a etag=n/a hash=999340d48869db49c9668aefff622493910de50b5c92a2643193b513c9ddf346
[2025-12-01 00:58:00] [DEBUG] Poll ok: code=0 len=10 last_mod=n/a etag=n/a hash=999340d48869db49c9668aefff622493910de50b5c92a2643193b513c9ddf346
[2025-12-01 00:58:02] [DEBUG] Poll ok: code=0 len=10 last_mod=n/a etag=n/a hash=999340d48869db49c9668aefff622493910de50b5c92a2643193b513c9ddf346
[2025-12-01 00:58:04] [DEBUG] Poll ok: code=0 len=10 last_mod=n/a etag=n/a hash=999340d48869db49c9668aefff622493910de50b5c92a2643193b513c9ddf346
[2025-12-01 00:58:06] [DEBUG] Poll ok: code=0 len=10 last_mod=n/a etag=n/a hash=999340d48869db49c9668aefff622493910de50b5c92a2643193b513c9ddf346
[2025-12-01 00:58:08] [DEBUG] Poll ok: code=0 len=10 last_mod=n/a etag=n/a hash=999340d48869db49c9668aefff622493910de50b5c92a2643193b513c9ddf346
[2025-12-01 00:58:10] [DEBUG] Poll ok: code=0 len=10 last_mod=n/a etag=n/a hash=999340d48869db49c9668aefff622493910de50b5c92a2643193b513c9ddf346
[2025-12-01 00:58:12] [DEBUG] Poll ok: code=0 len=10 last_mod=n/a etag=n/a hash=999340d48869db49c9668aefff622493910de50b5c92a2643193b513c9ddf346
[2025-12-01 00:58:14] [DEBUG] Poll ok: code=0 len=10 last_mod=n/a etag=n/a hash=999340d48869db49c9668aefff622493910de50b5c92a2643193b513c9ddf346
[2025-12-01 00:58:16] [DEBUG] Poll ok: code=0 len=10 last_mod=n/a etag=n/a hash=999340d48869db49c9668aefff622493910de50b5c92a2643193b513c9ddf346
[2025-12-01 00:58:18] [DEBUG] Poll ok: code=0 len=10 last_mod=n/a etag=n/a hash=999340d48869db49c9668aefff622493910de50b5c92a2643193b513c9ddf346
[2025-12-01 00:58:20] [DEBUG] Poll ok: code=0 len=10 last_mod=n/a etag=n/a hash=999340d48869db49c9668aefff622493910de50b5c92a2643193b513c9ddf346
[2025-12-01 00:58:22] [DEBUG] Poll ok: code=0 len=10 last_mod=n/a etag=n/a hash=999340d48869db49c9668aefff622493910de50b5c92a2643193b513c9ddf346
[2025-12-01 00:58:24] [DEBUG] Poll ok: code=0 len=10 last_mod=n/a etag=n/a hash=999340d48869db49c9668aefff622493910de50b5c92a2643193b513c9ddf346
[2025-12-01 00:58:26] [DEBUG] Poll ok: code=0 len=10 last_mod=n/a etag=n/a hash=999340d48869db49c9668aefff622493910de50b5c92a2643193b513c9ddf346
[2025-12-01 00:58:28] [DEBUG] Poll ok: code=0 len=10 last_mod=n/a etag=n/a hash=999340d48869db49c9668aefff622493910de50b5c92a2643193b513c9ddf346
[2025-12-01 00:58:30] [DEBUG] Poll ok: code=0 len=10 last_mod=n/a etag=n/a hash=999340d48869db49c9668aefff622493910de50b5c92a2643193b513c9ddf346
[2025-12-01 00:58:32] [DEBUG] Poll ok: code=0 len=10 last_mod=n/a etag=n/a hash=999340d48869db49c9668aefff622493910de50b5c92a2643193b513c9ddf346
[2025-12-01 00:58:34] [DEBUG] Poll ok: code=0 len=10 last_mod=n/a etag=n/a hash=999340d48869db49c9668aefff622493910de50b5c92a2643193b513c9ddf346
[2025-12-01 00:58:36] [DEBUG] Poll ok: code=0 len=10 last_mod=n/a etag=n/a hash=999340d48869db49c9668aefff622493910de50b5c92a2643193b513c9ddf346
[2025-12-01 00:58:38] [DEBUG] Poll ok: code=0 len=10 last_mod=n/a etag=n/a hash=999340d48869db49c9668aefff622493910de50b5c92a2643193b513c9ddf346
[2025-12-01 00:58:40] [DEBUG] Poll ok: code=0 len=10 last_mod=n/a etag=n/a hash=999340d48869db49c9668aefff622493910de50b5c92a2643193b513c9ddf346
[2025-12-01 00:58:42] [DEBUG] Poll ok: code=0 len=10 last_mod=n/a etag=n/a hash=999340d48869db49c9668aefff622493910de50b5c92a2643193b513c9ddf346
[2025-12-01 00:58:44] [DEBUG] Poll ok: code=0 len=10 last_mod=n/a etag=n/a hash=999340d48869db49c9668aefff622493910de50b5c92a2643193b513c9ddf346
[2025-12-01 00:58:46] [DEBUG] Poll ok: code=0 len=10 last_mod=n/a etag=n/a hash=999340d48869db49c9668aefff622493910de50b5c92a2643193b513c9ddf346
[2025-12-01 00:58:48] [DEBUG] Poll ok: code=0 len=10 last_mod=n/a etag=n/a hash=999340d48869db49c9668aefff622493910de50b5c92a2643193b513c9ddf346
[2025-12-01 00:58:50] [DEBUG] Poll ok: code=0 len=10 last_mod=n/a etag=n/a hash=999340d48869db49c9668aefff622493910de50b5c92a2643193b513c9ddf346
[2025-12-01 00:58:52] [DEBUG] Poll ok: code=0 len=10 last_mod=n/a etag=n/a hash=999340d48869db49c9668aefff622493910de50b5c92a2643193b513c9ddf346
[2025-12-01 00:58:54] [DEBUG] Poll ok: code=0 len=10 last_mod=n/a etag=n/a hash=999340d48869db49c9668aefff622493910de50b5c92a2643193b513c9ddf346
[2025-12-01 00:58:56] [DEBUG] Poll ok: code=0 len=10 last_mod=n/a etag=n/a hash=999340d48869db49c9668aefff622493910de50b5c92a2643193b513c9ddf346
[2025-12-01 00:58:58] [DEBUG] Poll ok: code=0 len=10 last_mod=n/a etag=n/a hash=999340d48869db49c9668aefff622493910de50b5c92a2643193b513c9ddf346
[2025-12-01 00:59:00] [DEBUG] Poll ok: code=0 len=10 last_mod=n/a etag=n/a hash=999340d48869db49c9668aefff622493910de50b5c92a2643193b513c9ddf346
[2025-12-01 00:59:02] [DEBUG] Poll ok: code=0 len=10 last_mod=n/a etag=n/a hash=999340d48869db49c9668aefff622493910de50b5c92a2643193b513c9ddf346
[2025-12-01 00:59:04] [DEBUG] Poll ok: code=0 len=10 last_mod=n/a etag=n/a hash=999340d48869db49c9668aefff622493910de50b5c92a2643193b513c9ddf346
[2025-12-01 00:59:06] [DEBUG] Poll ok: code=0 len=10 last_mod=n/a etag=n/a hash=999340d48869db49c9668aefff622493910de50b5c92a2643193b513c9ddf346
[2025-12-01 00:59:08] [DEBUG] Poll ok: code=0 len=10 last_mod=n/a etag=n/a hash=999340d48869db49c9668aefff622493910de50b5c92a2643193b513c9ddf346
[2025-12-01 00:59:10] [DEBUG] Poll ok: code=0 len=10 last_mod=n/a etag=n/a hash=999340d48869db49c9668aefff622493910de50b5c92a2643193b513c9ddf346
[2025-12-01 00:59:12] [DEBUG] Poll ok: code=0 len=10 last_mod=n/a etag=n/a hash=999340d48869db49c9668aefff622493910de50b5c92a2643193b513c9ddf346
[2025-12-01 00:59:14] [DEBUG] Poll ok: code=0 len=10 last_mod=n/a etag=n/a hash=999340d48869db49c9668aefff622493910de50b5c92a2643193b513c9ddf346
[2025-12-01 00:59:16] [DEBUG] Poll ok: code=0 len=10 last_mod=n/a etag=n/a hash=999340d48869db49c9668aefff622493910de50b5c92a2643193b513c9ddf346
[2025-12-01 00:59:18] [DEBUG] Poll ok: code=0 len=10 last_mod=n/a etag=n/a hash=999340d48869db49c9668aefff622493910de50b5c92a2643193b513c9ddf346
[2025-12-01 00:59:20] [DEBUG] Poll ok: code=0 len=10 last_mod=n/a etag=n/a hash=999340d48869db49c9668aefff622493910de50b5c92a2643193b513c9ddf346
[2025-12-01 00:59:22] [DEBUG] Poll ok: code=0 len=10 last_mod=n/a etag=n/a hash=999340d48869db49c9668aefff622493910de50b5c92a2643193b513c9ddf346
[2025-12-01 00:59:24] [DEBUG] Poll ok: code=0 len=10 last_mod=n/a etag=n/a hash=999340d48869db49c9668aefff622493910de50b5c92a2643193b513c9ddf346
[2025-12-01 00:59:26] [DEBUG] Poll ok: code=0 len=10 last_mod=n/a etag=n/a hash=999340d48869db49c9668aefff622493910de50b5c92a2643193b513c9ddf346
[2025-12-01 00:59:28] [DEBUG] Poll ok: code=0 len=10 last_mod=n/a etag=n/a hash=999340d48869db49c9668aefff622493910de50b5c92a2643193b513c9ddf346
[2025-12-01 00:59:30] [DEBUG] Poll ok: code=0 len=10 last_mod=n/a etag=n/a hash=999340d48869db49c9668aefff622493910de50b5c92a2643193b513c9ddf346
[2025-12-01 00:59:32] [DEBUG] Poll ok: code=0 len=10 last_mod=n/a etag=n/a hash=999340d48869db49c9668aefff622493910de50b5c92a2643193b513c9ddf346
[2025-12-01 00:59:34] [DEBUG] Poll ok: code=0 len=10 last_mod=n/a etag=n/a hash=999340d48869db49c9668aefff622493910de50b5c92a2643193b513c9ddf346
[2025-12-01 00:59:37] [DEBUG] Poll ok: code=0 len=10 last_mod=n/a etag=n/a hash=999340d48869db49c9668aefff622493910de50b5c92a2643193b513c9ddf346
[2025-12-01 00:59:39] [DEBUG] Poll ok: code=0 len=10 last_mod=n/a etag=n/a hash=999340d48869db49c9668aefff622493910de50b5c92a2643193b513c9ddf346
[2025-12-01 00:59:41] [DEBUG] Poll ok: code=0 len=10 last_mod=n/a etag=n/a hash=999340d48869db49c9668aefff622493910de50b5c92a2643193b513c9ddf346
[2025-12-01 00:59:43] [DEBUG] Poll ok: code=0 len=10 last_mod=n/a etag=n/a hash=999340d48869db49c9668aefff622493910de50b5c92a2643193b513c9ddf346
[2025-12-01 00:59:45] [DEBUG] Poll ok: code=0 len=10 last_mod=n/a etag=n/a hash=999340d48869db49c9668aefff622493910de50b5c92a2643193b513c9ddf346
[2025-12-01 00:59:47] [DEBUG] Poll ok: code=0 len=10 last_mod=n/a etag=n/a hash=999340d48869db49c9668aefff622493910de50b5c92a2643193b513c9ddf346
[2025-12-01 00:59:49] [DEBUG] Poll ok: code=0 len=10 last_mod=n/a etag=n/a hash=999340d48869db49c9668aefff622493910de50b5c92a2643193b513c9ddf346
[2025-12-01 00:59:51] [DEBUG] Poll ok: code=0 len=10 last_mod=n/a etag=n/a hash=999340d48869db49c9668aefff622493910de50b5c92a2643193b513c9ddf346
[2025-12-01 00:59:53] [DEBUG] Poll ok: code=0 len=10 last_mod=n/a etag=n/a hash=999340d48869db49c9668aefff622493910de50b5c92a2643193b513c9ddf346
[2025-12-01 00:59:55] [DEBUG] Poll ok: code=0 len=10 last_mod=n/a etag=n/a hash=999340d48869db49c9668aefff622493910de50b5c92a2643193b513c9ddf346
[2025-12-01 00:59:57] [DEBUG] Poll ok: code=0 len=10 last_mod=n/a etag=n/a hash=999340d48869db49c9668aefff622493910de50b5c92a2643193b513c9ddf346
[2025-12-01 00:59:59] [DEBUG] Poll ok: code=0 len=10 last_mod=n/a etag=n/a hash=999340d48869db49c9668aefff622493910de50b5c92a2643193b513c9ddf346
[2025-12-01 01:00:01] [DEBUG] Poll ok: code=0 len=10 last_mod=n/a etag=n/a hash=999340d48869db49c9668aefff622493910de50b5c92a2643193b513c9ddf346
[2025-12-01 01:00:03] [DEBUG] Poll ok: code=0 len=10 last_mod=n/a etag=n/a hash=999340d48869db49c9668aefff622493910de50b5c92a2643193b513c9ddf346
[2025-12-01 01:00:05] [DEBUG] Poll ok: code=0 len=10 last_mod=n/a etag=n/a hash=999340d48869db49c9668aefff622493910de50b5c92a2643193b513c9ddf346
[2025-12-01 01:00:07] [DEBUG] Poll ok: code=0 len=10 last_mod=n/a etag=n/a hash=999340d48869db49c9668aefff622493910de50b5c92a2643193b513c9ddf346
[2025-12-01 01:00:09] [DEBUG] Poll ok: code=0 len=10 last_mod=n/a etag=n/a hash=999340d48869db49c9668aefff622493910de50b5c92a2643193b513c9ddf346
[2025-12-01 01:00:12] [DEBUG] Poll ok: code=0 len=10 last_mod=n/a etag=n/a hash=999340d48869db49c9668aefff622493910de50b5c92a2643193b513c9ddf346
[2025-12-01 01:00:16] [DEBUG] Poll ok: code=0 len=10 last_mod=n/a etag=n/a hash=999340d48869db49c9668aefff622493910de50b5c92a2643193b513c9ddf346
[2025-12-01 01:00:18] [DEBUG] Poll ok: code=0 len=10 last_mod=n/a etag=n/a hash=999340d48869db49c9668aefff622493910de50b5c92a2643193b513c9ddf346
[2025-12-01 01:00:20] [DEBUG] Poll ok: code=0 len=10 last_mod=n/a etag=n/a hash=999340d48869db49c9668aefff622493910de50b5c92a2643193b513c9ddf346
[2025-12-01 01:00:22] [DEBUG] Poll ok: code=0 len=10 last_mod=n/a etag=n/a hash=999340d48869db49c9668aefff622493910de50b5c92a2643193b513c9ddf346
[2025-12-01 01:00:24] [DEBUG] Poll ok: code=0 len=10 last_mod=n/a etag=n/a hash=999340d48869db49c9668aefff622493910de50b5c92a2643193b513c9ddf346
[2025-12-01 01:00:26] [DEBUG] Poll ok: code=0 len=10 last_mod=n/a etag=n/a hash=999340d48869db49c9668aefff622493910de50b5c92a2643193b513c9ddf346
[2025-12-01 01:00:29] [DEBUG] Poll ok: code=0 len=10 last_mod=n/a etag=n/a hash=999340d48869db49c9668aefff622493910de50b5c92a2643193b513c9ddf346
[2025-12-01 01:00:31] [DEBUG] Poll ok: code=0 len=10 last_mod=n/a etag=n/a hash=999340d48869db49c9668aefff622493910de50b5c92a2643193b513c9ddf346
[2025-12-01 01:00:33] [DEBUG] Poll ok: code=0 len=10 last_mod=n/a etag=n/a hash=999340d48869db49c9668aefff622493910de50b5c92a2643193b513c9ddf346
[2025-12-01 01:00:35] [DEBUG] Poll ok: code=0 len=10 last_mod=n/a etag=n/a hash=999340d48869db49c9668aefff622493910de50b5c92a2643193b513c9ddf346
[2025-12-01 01:00:37] [DEBUG] Poll ok: code=0 len=10 last_mod=n/a etag=n/a hash=999340d48869db49c9668aefff622493910de50b5c92a2643193b513c9ddf346
[2025-12-01 01:00:39] [DEBUG] Poll ok: code=0 len=10 last_mod=n/a etag=n/a hash=999340d48869db49c9668aefff622493910de50b5c92a2643193b513c9ddf346
[2025-12-01 01:00:41] [DEBUG] Poll ok: code=0 len=10 last_mod=n/a etag=n/a hash=999340d48869db49c9668aefff622493910de50b5c92a2643193b513c9ddf346
[2025-12-01 01:00:43] [DEBUG] Poll ok: code=0 len=10 last_mod=n/a etag=n/a hash=999340d48869db49c9668aefff622493910de50b5c92a2643193b513c9ddf346
[2025-12-01 01:00:45] [DEBUG] Poll ok: code=0 len=10 last_mod=n/a etag=n/a hash=999340d48869db49c9668aefff622493910de50b5c92a2643193b513c9ddf346
[2025-12-01 01:00:47] [DEBUG] Poll ok: code=0 len=10 last_mod=n/a etag=n/a hash=999340d48869db49c9668aefff622493910de50b5c92a2643193b513c9ddf346
[2025-12-01 01:00:49] [DEBUG] Poll ok: code=0 len=10 last_mod=n/a etag=n/a hash=999340d48869db49c9668aefff622493910de50b5c92a2643193b513c9ddf346
[2025-12-01 01:00:51] [DEBUG] Poll ok: code=0 len=10 last_mod=n/a etag=n/a hash=999340d48869db49c9668aefff622493910de50b5c92a2643193b513c9ddf346
[2025-12-01 01:00:53] [DEBUG] Poll ok: code=0 len=10 last_mod=n/a etag=n/a hash=999340d48869db49c9668aefff622493910de50b5c92a2643193b513c9ddf346
[2025-12-01 01:00:55] [DEBUG] Poll ok: code=0 len=10 last_mod=n/a etag=n/a hash=999340d48869db49c9668aefff622493910de50b5c92a2643193b513c9ddf346
[2025-12-01 01:00:57] [DEBUG] Poll ok: code=0 len=10 last_mod=n/a etag=n/a hash=999340d48869db49c9668aefff622493910de50b5c92a2643193b513c9ddf346
[2025-12-01 01:00:59] [DEBUG] Poll ok: code=0 len=10 last_mod=n/a etag=n/a hash=999340d48869db49c9668aefff622493910de50b5c92a2643193b513c9ddf346
[2025-12-01 01:01:01] [DEBUG] Poll ok: code=0 len=10 last_mod=n/a etag=n/a hash=999340d48869db49c9668aefff622493910de50b5c92a2643193b513c9ddf346
[2025-12-01 01:01:03] [DEBUG] Poll ok: code=0 len=10 last_mod=n/a etag=n/a hash=999340d48869db49c9668aefff622493910de50b5c92a2643193b513c9ddf346
[2025-12-01 01:01:06] [DEBUG] Poll ok: code=0 len=10 last_mod=n/a etag=n/a hash=999340d48869db49c9668aefff622493910de50b5c92a2643193b513c9ddf346
[2025-12-01 01:01:08] [DEBUG] Poll ok: code=0 len=10 last_mod=n/a etag=n/a hash=999340d48869db49c9668aefff622493910de50b5c92a2643193b513c9ddf346
[2025-12-01 01:01:10] [DEBUG] Poll ok: code=0 len=10 last_mod=n/a etag=n/a hash=999340d48869db49c9668aefff622493910de50b5c92a2643193b513c9ddf346
[2025-12-01 01:01:12] [DEBUG] Poll ok: code=0 len=10 last_mod=n/a etag=n/a hash=999340d48869db49c9668aefff622493910de50b5c92a2643193b513c9ddf346
[2025-12-01 01:01:14] [DEBUG] Poll ok: code=0 len=10 last_mod=n/a etag=n/a hash=999340d48869db49c9668aefff622493910de50b5c92a2643193b513c9ddf346
[2025-12-01 01:01:16] [DEBUG] Poll ok: code=0 len=10 last_mod=n/a etag=n/a hash=999340d48869db49c9668aefff622493910de50b5c92a2643193b513c9ddf346
[2025-12-01 01:01:18] [DEBUG] Poll ok: code=0 len=10 last_mod=n/a etag=n/a hash=999340d48869db49c9668aefff622493910de50b5c92a2643193b513c9ddf346
[2025-12-01 01:01:20] [DEBUG] Poll ok: code=0 len=10 last_mod=n/a etag=n/a hash=999340d48869db49c9668aefff622493910de50b5c92a2643193b513c9ddf346
[2025-12-01 01:01:22] [DEBUG] Poll ok: code=0 len=10 last_mod=n/a etag=n/a hash=999340d48869db49c9668aefff622493910de50b5c92a2643193b513c9ddf346
[2025-12-01 01:01:24] [DEBUG] Poll ok: code=0 len=10 last_mod=n/a etag=n/a hash=999340d48869db49c9668aefff622493910de50b5c92a2643193b513c9ddf346
[2025-12-01 01:01:26] [DEBUG] Poll ok: code=0 len=10 last_mod=n/a etag=n/a hash=999340d48869db49c9668aefff622493910de50b5c92a2643193b513c9ddf346
[2025-12-01 01:01:28] [DEBUG] Poll ok: code=0 len=10 last_mod=n/a etag=n/a hash=999340d48869db49c9668aefff622493910de50b5c92a2643193b513c9ddf346
[2025-12-01 01:01:30] [DEBUG] Poll ok: code=0 len=10 last_mod=n/a etag=n/a hash=999340d48869db49c9668aefff622493910de50b5c92a2643193b513c9ddf346
[2025-12-01 01:01:32] [DEBUG] Poll ok: code=0 len=10 last_mod=n/a etag=n/a hash=999340d48869db49c9668aefff622493910de50b5c92a2643193b513c9ddf346
[2025-12-01 01:01:34] [DEBUG] Poll ok: code=0 len=10 last_mod=n/a etag=n/a hash=999340d48869db49c9668aefff622493910de50b5c92a2643193b513c9ddf346
[2025-12-01 01:01:36] [DEBUG] Poll ok: code=0 len=10 last_mod=n/a etag=n/a hash=999340d48869db49c9668aefff622493910de50b5c92a2643193b513c9ddf346
[2025-12-01 01:01:38] [DEBUG] Poll ok: code=0 len=10 last_mod=n/a etag=n/a hash=999340d48869db49c9668aefff622493910de50b5c92a2643193b513c9ddf346
[2025-12-01 01:01:40] [DEBUG] Poll ok: code=0 len=10 last_mod=n/a etag=n/a hash=999340d48869db49c9668aefff622493910de50b5c92a2643193b513c9ddf346
[2025-12-01 01:01:42] [DEBUG] Poll ok: code=0 len=10 last_mod=n/a etag=n/a hash=999340d48869db49c9668aefff622493910de50b5c92a2643193b513c9ddf346
[2025-12-01 01:01:45] [DEBUG] Poll ok: code=0 len=10 last_mod=n/a etag=n/a hash=999340d48869db49c9668aefff622493910de50b5c92a2643193b513c9ddf346
[2025-12-01 01:01:48] [DEBUG] Poll ok: code=0 len=10 last_mod=n/a etag=n/a hash=999340d48869db49c9668aefff622493910de50b5c92a2643193b513c9ddf346
[2025-12-01 01:01:50] [DEBUG] Poll ok: code=0 len=10 last_mod=n/a etag=n/a hash=999340d48869db49c9668aefff622493910de50b5c92a2643193b513c9ddf346
[2025-12-01 01:01:52] [DEBUG] Poll ok: code=0 len=10 last_mod=n/a etag=n/a hash=999340d48869db49c9668aefff622493910de50b5c92a2643193b513c9ddf346
[2025-12-01 01:01:54] [DEBUG] Poll ok: code=0 len=10 last_mod=n/a etag=n/a hash=999340d48869db49c9668aefff622493910de50b5c92a2643193b513c9ddf346
[2025-12-01 01:01:56] [DEBUG] Poll ok: code=0 len=10 last_mod=n/a etag=n/a hash=999340d48869db49c9668aefff622493910de50b5c92a2643193b513c9ddf346
[2025-12-01 01:01:58] [DEBUG] Poll ok: code=0 len=10 last_mod=n/a etag=n/a hash=999340d48869db49c9668aefff622493910de50b5c92a2643193b513c9ddf346
[2025-12-01 01:02:00] [DEBUG] Poll ok: code=0 len=10 last_mod=n/a etag=n/a hash=999340d48869db49c9668aefff622493910de50b5c92a2643193b513c9ddf346
[2025-12-01 01:02:02] [DEBUG] Poll ok: code=0 len=10 last_mod=n/a etag=n/a hash=999340d48869db49c9668aefff622493910de50b5c92a2643193b513c9ddf346
[2025-12-01 01:02:04] [DEBUG] Poll ok: code=0 len=10 last_mod=n/a etag=n/a hash=999340d48869db49c9668aefff622493910de50b5c92a2643193b513c9ddf346
[2025-12-01 01:02:06] [DEBUG] Poll ok: code=0 len=10 last_mod=n/a etag=n/a hash=999340d48869db49c9668aefff622493910de50b5c92a2643193b513c9ddf346
[2025-12-01 01:02:08] [DEBUG] Poll ok: code=0 len=10 last_mod=n/a etag=n/a hash=999340d48869db49c9668aefff622493910de50b5c92a2643193b513c9ddf346
[2025-12-01 01:02:10] [DEBUG] Poll ok: code=0 len=10 last_mod=n/a etag=n/a hash=999340d48869db49c9668aefff622493910de50b5c92a2643193b513c9ddf346
[2025-12-01 01:02:12] [DEBUG] Poll ok: code=0 len=10 last_mod=n/a etag=n/a hash=999340d48869db49c9668aefff622493910de50b5c92a2643193b513c9ddf346
[2025-12-01 01:02:14] [DEBUG] Poll ok: code=0 len=10 last_mod=n/a etag=n/a hash=999340d48869db49c9668aefff622493910de50b5c92a2643193b513c9ddf346
[2025-12-01 01:02:16] [DEBUG] Poll ok: code=0 len=10 last_mod=n/a etag=n/a hash=999340d48869db49c9668aefff622493910de50b5c92a2643193b513c9ddf346
[2025-12-01 01:02:18] [DEBUG] Poll ok: code=0 len=10 last_mod=n/a etag=n/a hash=999340d48869db49c9668aefff622493910de50b5c92a2643193b513c9ddf346
[2025-12-01 01:02:20] [DEBUG] Poll ok: code=0 len=10 last_mod=n/a etag=n/a hash=999340d48869db49c9668aefff622493910de50b5c92a2643193b513c9ddf346
[2025-12-01 01:02:22] [DEBUG] Poll ok: code=0 len=10 last_mod=n/a etag=n/a hash=999340d48869db49c9668aefff622493910de50b5c92a2643193b513c9ddf346
[2025-12-01 01:02:24] [DEBUG] Poll ok: code=0 len=10 last_mod=n/a etag=n/a hash=999340d48869db49c9668aefff622493910de50b5c92a2643193b513c9ddf346
[2025-12-01 01:02:26] [DEBUG] Poll ok: code=0 len=10 last_mod=n/a etag=n/a hash=999340d48869db49c9668aefff622493910de50b5c92a2643193b513c9ddf346
[2025-12-01 01:02:28] [DEBUG] Poll ok: code=0 len=10 last_mod=n/a etag=n/a hash=999340d48869db49c9668aefff622493910de50b5c92a2643193b513c9ddf346
[2025-12-01 01:02:30] [DEBUG] Poll ok: code=0 len=10 last_mod=n/a etag=n/a hash=999340d48869db49c9668aefff622493910de50b5c92a2643193b513c9ddf346
[2025-12-01 01:02:32] [DEBUG] Poll ok: code=0 len=10 last_mod=n/a etag=n/a hash=999340d48869db49c9668aefff622493910de50b5c92a2643193b513c9ddf346
[2025-12-01 01:02:34] [DEBUG] Poll ok: code=0 len=10 last_mod=n/a etag=n/a hash=999340d48869db49c9668aefff622493910de50b5c92a2643193b513c9ddf346
[2025-12-01 01:02:36] [DEBUG] Poll ok: code=0 len=10 last_mod=n/a etag=n/a hash=999340d48869db49c9668aefff622493910de50b5c92a2643193b513c9ddf346
[2025-12-01 01:02:38] [DEBUG] Poll ok: code=0 len=10 last_mod=n/a etag=n/a hash=999340d48869db49c9668aefff622493910de50b5c92a2643193b513c9ddf346
[2025-12-01 01:02:40] [DEBUG] Poll ok: code=0 len=10 last_mod=n/a etag=n/a hash=999340d48869db49c9668aefff622493910de50b5c92a2643193b513c9ddf346
[2025-12-01 01:02:42] [DEBUG] Poll ok: code=0 len=10 last_mod=n/a etag=n/a hash=999340d48869db49c9668aefff622493910de50b5c92a2643193b513c9ddf346
[2025-12-01 01:02:44] [DEBUG] Poll ok: code=0 len=10 last_mod=n/a etag=n/a hash=999340d48869db49c9668aefff622493910de50b5c92a2643193b513c9ddf346
[2025-12-01 01:02:46] [DEBUG] Poll ok: code=0 len=10 last_mod=n/a etag=n/a hash=999340d48869db49c9668aefff622493910de50b5c92a2643193b513c9ddf346
[2025-12-01 01:02:48] [DEBUG] Poll ok: code=0 len=10 last_mod=n/a etag=n/a hash=999340d48869db49c9668aefff622493910de50b5c92a2643193b513c9ddf346
[2025-12-01 01:02:50] [DEBUG] Poll ok: code=0 len=10 last_mod=n/a etag=n/a hash=999340d48869db49c9668aefff622493910de50b5c92a2643193b513c9ddf346
[2025-12-01 01:02:53] [DEBUG] Poll ok: code=0 len=10 last_mod=n/a etag=n/a hash=999340d48869db49c9668aefff622493910de50b5c92a2643193b513c9ddf346
[2025-12-01 01:02:55] [DEBUG] Poll ok: code=0 len=10 last_mod=n/a etag=n/a hash=999340d48869db49c9668aefff622493910de50b5c92a2643193b513c9ddf346
[2025-12-01 01:02:57] [DEBUG] Poll ok: code=0 len=10 last_mod=n/a etag=n/a hash=999340d48869db49c9668aefff622493910de50b5c92a2643193b513c9ddf346
[2025-12-01 01:02:59] [DEBUG] Poll ok: code=0 len=10 last_mod=n/a etag=n/a hash=999340d48869db49c9668aefff622493910de50b5c92a2643193b513c9ddf346
[2025-12-01 01:03:01] [DEBUG] Poll ok: code=0 len=10 last_mod=n/a etag=n/a hash=999340d48869db49c9668aefff622493910de50b5c92a2643193b513c9ddf346
[2025-12-01 01:03:03] [DEBUG] Poll ok: code=0 len=10 last_mod=n/a etag=n/a hash=999340d48869db49c9668aefff622493910de50b5c92a2643193b513c9ddf346
[2025-12-01 01:03:05] [DEBUG] Poll ok: code=0 len=10 last_mod=n/a etag=n/a hash=999340d48869db49c9668aefff622493910de50b5c92a2643193b513c9ddf346
[2025-12-01 01:03:07] [DEBUG] Poll ok: code=0 len=10 last_mod=n/a etag=n/a hash=999340d48869db49c9668aefff622493910de50b5c92a2643193b513c9ddf346
[2025-12-01 01:03:09] [DEBUG] Poll ok: code=0 len=10 last_mod=n/a etag=n/a hash=999340d48869db49c9668aefff622493910de50b5c92a2643193b513c9ddf346
[2025-12-01 01:03:11] [DEBUG] Poll ok: code=0 len=10 last_mod=n/a etag=n/a hash=999340d48869db49c9668aefff622493910de50b5c92a2643193b513c9ddf346
[2025-12-01 01:03:13] [DEBUG] Poll ok: code=0 len=10 last_mod=n/a etag=n/a hash=999340d48869db49c9668aefff622493910de50b5c92a2643193b513c9ddf346
[2025-12-01 01:03:15] [DEBUG] Poll ok: code=0 len=10 last_mod=n/a etag=n/a hash=999340d48869db49c9668aefff622493910de50b5c92a2643193b513c9ddf346
[2025-12-01 01:03:17] [DEBUG] Poll ok: code=0 len=10 last_mod=n/a etag=n/a hash=999340d48869db49c9668aefff622493910de50b5c92a2643193b513c9ddf346
[2025-12-01 01:03:19] [DEBUG] Poll ok: code=0 len=10 last_mod=n/a etag=n/a hash=999340d48869db49c9668aefff622493910de50b5c92a2643193b513c9ddf346
[2025-12-01 01:03:21] [DEBUG] Poll ok: code=0 len=10 last_mod=n/a etag=n/a hash=999340d48869db49c9668aefff622493910de50b5c92a2643193b513c9ddf346
[2025-12-01 01:03:23] [DEBUG] Poll ok: code=0 len=10 last_mod=n/a etag=n/a hash=999340d48869db49c9668aefff622493910de50b5c92a2643193b513c9ddf346
[2025-12-01 01:03:25] [DEBUG] Poll ok: code=0 len=10 last_mod=n/a etag=n/a hash=999340d48869db49c9668aefff622493910de50b5c92a2643193b513c9ddf346
[2025-12-01 01:03:27] [DEBUG] Poll ok: code=0 len=10 last_mod=n/a etag=n/a hash=999340d48869db49c9668aefff622493910de50b5c92a2643193b513c9ddf346
[2025-12-01 01:03:29] [DEBUG] Poll ok: code=0 len=10 last_mod=n/a etag=n/a hash=999340d48869db49c9668aefff622493910de50b5c92a2643193b513c9ddf346
[2025-12-01 01:03:31] [DEBUG] Poll ok: code=0 len=10 last_mod=n/a etag=n/a hash=999340d48869db49c9668aefff622493910de50b5c92a2643193b513c9ddf346
[2025-12-01 01:03:33] [DEBUG] Poll ok: code=0 len=10 last_mod=n/a etag=n/a hash=999340d48869db49c9668aefff622493910de50b5c92a2643193b513c9ddf346
[2025-12-01 01:03:35] [DEBUG] Poll ok: code=0 len=10 last_mod=n/a etag=n/a hash=999340d48869db49c9668aefff622493910de50b5c92a2643193b513c9ddf346
[2025-12-01 01:03:37] [DEBUG] Poll ok: code=0 len=10 last_mod=n/a etag=n/a hash=999340d48869db49c9668aefff622493910de50b5c92a2643193b513c9ddf346
[2025-12-01 01:03:39] [DEBUG] Poll ok: code=0 len=10 last_mod=n/a etag=n/a hash=999340d48869db49c9668aefff622493910de50b5c92a2643193b513c9ddf346
[2025-12-01 01:03:41] [DEBUG] Poll ok: code=0 len=10 last_mod=n/a etag=n/a hash=999340d48869db49c9668aefff622493910de50b5c92a2643193b513c9ddf346
[2025-12-01 01:03:43] [DEBUG] Poll ok: code=0 len=10 last_mod=n/a etag=n/a hash=999340d48869db49c9668aefff622493910de50b5c92a2643193b513c9ddf346
[2025-12-01 01:03:45] [DEBUG] Poll ok: code=0 len=10 last_mod=n/a etag=n/a hash=999340d48869db49c9668aefff622493910de50b5c92a2643193b513c9ddf346
[2025-12-01 01:03:47] [DEBUG] Poll ok: code=0 len=10 last_mod=n/a etag=n/a hash=999340d48869db49c9668aefff622493910de50b5c92a2643193b513c9ddf346
[2025-12-01 01:03:49] [DEBUG] Poll ok: code=0 len=10 last_mod=n/a etag=n/a hash=999340d48869db49c9668aefff622493910de50b5c92a2643193b513c9ddf346
[2025-12-01 01:03:51] [DEBUG] Poll ok: code=0 len=10 last_mod=n/a etag=n/a hash=999340d48869db49c9668aefff622493910de50b5c92a2643193b513c9ddf346
[2025-12-01 01:03:53] [DEBUG] Poll ok: code=0 len=10 last_mod=n/a etag=n/a hash=999340d48869db49c9668aefff622493910de50b5c92a2643193b513c9ddf346
[2025-12-01 01:03:55] [DEBUG] Poll ok: code=0 len=10 last_mod=n/a etag=n/a hash=999340d48869db49c9668aefff622493910de50b5c92a2643193b513c9ddf346
[2025-12-01 01:03:57] [DEBUG] Poll ok: code=0 len=10 last_mod=n/a etag=n/a hash=999340d48869db49c9668aefff622493910de50b5c92a2643193b513c9ddf346
[2025-12-01 01:03:59] [DEBUG] Poll ok: code=0 len=10 last_mod=n/a etag=n/a hash=999340d48869db49c9668aefff622493910de50b5c92a2643193b513c9ddf346
[2025-12-01 01:04:01] [DEBUG] Poll ok: code=0 len=10 last_mod=n/a etag=n/a hash=999340d48869db49c9668aefff622493910de50b5c92a2643193b513c9ddf346
[2025-12-01 01:04:03] [DEBUG] Poll ok: code=0 len=10 last_mod=n/a etag=n/a hash=999340d48869db49c9668aefff622493910de50b5c92a2643193b513c9ddf346
[2025-12-01 01:04:05] [DEBUG] Poll ok: code=0 len=10 last_mod=n/a etag=n/a hash=999340d48869db49c9668aefff622493910de50b5c92a2643193b513c9ddf346
[2025-12-01 01:04:07] [DEBUG] Poll ok: code=0 len=10 last_mod=n/a etag=n/a hash=999340d48869db49c9668aefff622493910de50b5c92a2643193b513c9ddf346
[2025-12-01 01:04:09] [DEBUG] Poll ok: code=0 len=10 last_mod=n/a etag=n/a hash=999340d48869db49c9668aefff622493910de50b5c92a2643193b513c9ddf346
[2025-12-01 01:04:11] [DEBUG] Poll ok: code=0 len=10 last_mod=n/a etag=n/a hash=999340d48869db49c9668aefff622493910de50b5c92a2643193b513c9ddf346
[2025-12-01 01:04:13] [DEBUG] Poll ok: code=0 len=10 last_mod=n/a etag=n/a hash=999340d48869db49c9668aefff622493910de50b5c92a2643193b513c9ddf346
[2025-12-01 01:04:15] [DEBUG] Poll ok: code=0 len=10 last_mod=n/a etag=n/a hash=999340d48869db49c9668aefff622493910de50b5c92a2643193b513c9ddf346
[2025-12-01 01:04:17] [DEBUG] Poll ok: code=0 len=10 last_mod=n/a etag=n/a hash=999340d48869db49c9668aefff622493910de50b5c92a2643193b513c9ddf346
[2025-12-01 01:04:19] [DEBUG] Poll ok: code=0 len=10 last_mod=n/a etag=n/a hash=999340d48869db49c9668aefff622493910de50b5c92a2643193b513c9ddf346
[2025-12-01 01:04:21] [DEBUG] Poll ok: code=0 len=10 last_mod=n/a etag=n/a hash=999340d48869db49c9668aefff622493910de50b5c92a2643193b513c9ddf346
[2025-12-01 01:04:23] [DEBUG] Poll ok: code=0 len=10 last_mod=n/a etag=n/a hash=999340d48869db49c9668aefff622493910de50b5c92a2643193b513c9ddf346
[2025-12-01 01:04:25] [DEBUG] Poll ok: code=0 len=10 last_mod=n/a etag=n/a hash=999340d48869db49c9668aefff622493910de50b5c92a2643193b513c9ddf346
[2025-12-01 01:04:27] [DEBUG] Poll ok: code=0 len=10 last_mod=n/a etag=n/a hash=999340d48869db49c9668aefff622493910de50b5c92a2643193b513c9ddf346
[2025-12-01 01:04:29] [DEBUG] Poll ok: code=0 len=10 last_mod=n/a etag=n/a hash=999340d48869db49c9668aefff622493910de50b5c92a2643193b513c9ddf346
[2025-12-01 01:04:31] [DEBUG] Poll ok: code=0 len=10 last_mod=n/a etag=n/a hash=999340d48869db49c9668aefff622493910de50b5c92a2643193b513c9ddf346
[2025-12-01 01:04:33] [DEBUG] Poll ok: code=0 len=10 last_mod=n/a etag=n/a hash=999340d48869db49c9668aefff622493910de50b5c92a2643193b513c9ddf346
[2025-12-01 01:04:35] [DEBUG] Poll ok: code=0 len=10 last_mod=n/a etag=n/a hash=999340d48869db49c9668aefff622493910de50b5c92a2643193b513c9ddf346
[2025-12-01 01:04:37] [DEBUG] Poll ok: code=0 len=10 last_mod=n/a etag=n/a hash=999340d48869db49c9668aefff622493910de50b5c92a2643193b513c9ddf346
[2025-12-01 01:04:39] [DEBUG] Poll ok: code=0 len=10 last_mod=n/a etag=n/a hash=999340d48869db49c9668aefff622493910de50b5c92a2643193b513c9ddf346
[2025-12-01 01:04:41] [DEBUG] Poll ok: code=0 len=10 last_mod=n/a etag=n/a hash=999340d48869db49c9668aefff622493910de50b5c92a2643193b513c9ddf346
[2025-12-01 01:04:43] [DEBUG] Poll ok: code=0 len=10 last_mod=n/a etag=n/a hash=999340d48869db49c9668aefff622493910de50b5c92a2643193b513c9ddf346
[2025-12-01 01:04:45] [DEBUG] Poll ok: code=0 len=10 last_mod=n/a etag=n/a hash=999340d48869db49c9668aefff622493910de50b5c92a2643193b513c9ddf346
[2025-12-01 01:04:47] [DEBUG] Poll ok: code=0 len=10 last_mod=n/a etag=n/a hash=999340d48869db49c9668aefff622493910de50b5c92a2643193b513c9ddf346
[2025-12-01 01:04:49] [DEBUG] Poll ok: code=0 len=10 last_mod=n/a etag=n/a hash=999340d48869db49c9668aefff622493910de50b5c92a2643193b513c9ddf346
[2025-12-01 01:04:51] [DEBUG] Poll ok: code=0 len=10 last_mod=n/a etag=n/a hash=999340d48869db49c9668aefff622493910de50b5c92a2643193b513c9ddf346
[2025-12-01 01:04:53] [DEBUG] Poll ok: code=0 len=10 last_mod=n/a etag=n/a hash=999340d48869db49c9668aefff622493910de50b5c92a2643193b513c9ddf346
[2025-12-01 01:04:55] [DEBUG] Poll ok: code=0 len=10 last_mod=n/a etag=n/a hash=999340d48869db49c9668aefff622493910de50b5c92a2643193b513c9ddf346
[2025-12-01 01:04:57] [DEBUG] Poll ok: code=0 len=10 last_mod=n/a etag=n/a hash=999340d48869db49c9668aefff622493910de50b5c92a2643193b513c9ddf346
[2025-12-01 01:04:59] [DEBUG] Poll ok: code=0 len=10 last_mod=n/a etag=n/a hash=999340d48869db49c9668aefff622493910de50b5c92a2643193b513c9ddf346
[2025-12-01 01:05:01] [DEBUG] Poll ok: code=0 len=10 last_mod=n/a etag=n/a hash=999340d48869db49c9668aefff622493910de50b5c92a2643193b513c9ddf346
[2025-12-01 01:05:03] [DEBUG] Poll ok: code=0 len=10 last_mod=n/a etag=n/a hash=999340d48869db49c9668aefff622493910de50b5c92a2643193b513c9ddf346
[2025-12-01 01:05:05] [DEBUG] Poll ok: code=0 len=10 last_mod=n/a etag=n/a hash=999340d48869db49c9668aefff622493910de50b5c92a2643193b513c9ddf346
[2025-12-01 01:05:07] [DEBUG] Poll ok: code=0 len=10 last_mod=n/a etag=n/a hash=999340d48869db49c9668aefff622493910de50b5c92a2643193b513c9ddf346
[2025-12-01 01:05:09] [DEBUG] Poll ok: code=0 len=10 last_mod=n/a etag=n/a hash=999340d48869db49c9668aefff622493910de50b5c92a2643193b513c9ddf346
[2025-12-01 01:05:11] [DEBUG] Poll ok: code=0 len=10 last_mod=n/a etag=n/a hash=999340d48869db49c9668aefff622493910de50b5c92a2643193b513c9ddf346
[2025-12-01 01:05:13] [DEBUG] Poll ok: code=0 len=10 last_mod=n/a etag=n/a hash=999340d48869db49c9668aefff622493910de50b5c92a2643193b513c9ddf346
[2025-12-01 01:05:16] [DEBUG] Poll ok: code=0 len=10 last_mod=n/a etag=n/a hash=999340d48869db49c9668aefff622493910de50b5c92a2643193b513c9ddf346
[2025-12-01 01:05:18] [DEBUG] Poll ok: code=0 len=10 last_mod=n/a etag=n/a hash=999340d48869db49c9668aefff622493910de50b5c92a2643193b513c9ddf346
[2025-12-01 01:05:20] [DEBUG] Poll ok: code=0 len=10 last_mod=n/a etag=n/a hash=999340d48869db49c9668aefff622493910de50b5c92a2643193b513c9ddf346
[2025-12-01 01:05:22] [DEBUG] Poll ok: code=0 len=10 last_mod=n/a etag=n/a hash=999340d48869db49c9668aefff622493910de50b5c92a2643193b513c9ddf346
[2025-12-01 01:05:24] [DEBUG] Poll ok: code=0 len=10 last_mod=n/a etag=n/a hash=999340d48869db49c9668aefff622493910de50b5c92a2643193b513c9ddf346
[2025-12-01 01:05:26] [DEBUG] Poll ok: code=0 len=10 last_mod=n/a etag=n/a hash=999340d48869db49c9668aefff622493910de50b5c92a2643193b513c9ddf346
[2025-12-01 01:05:28] [DEBUG] Poll ok: code=0 len=10 last_mod=n/a etag=n/a hash=999340d48869db49c9668aefff622493910de50b5c92a2643193b513c9ddf346
[2025-12-01 01:05:30] [DEBUG] Poll ok: code=0 len=10 last_mod=n/a etag=n/a hash=999340d48869db49c9668aefff622493910de50b5c92a2643193b513c9ddf346
[2025-12-01 01:05:32] [DEBUG] Poll ok: code=0 len=10 last_mod=n/a etag=n/a hash=999340d48869db49c9668aefff622493910de50b5c92a2643193b513c9ddf346
[2025-12-01 01:05:34] [DEBUG] Poll ok: code=0 len=10 last_mod=n/a etag=n/a hash=999340d48869db49c9668aefff622493910de50b5c92a2643193b513c9ddf346
[2025-12-01 01:05:36] [DEBUG] Poll ok: code=0 len=10 last_mod=n/a etag=n/a hash=999340d48869db49c9668aefff622493910de50b5c92a2643193b513c9ddf346
[2025-12-01 01:05:38] [DEBUG] Poll ok: code=0 len=10 last_mod=n/a etag=n/a hash=999340d48869db49c9668aefff622493910de50b5c92a2643193b513c9ddf346
[2025-12-01 01:05:40] [DEBUG] Poll ok: code=0 len=10 last_mod=n/a etag=n/a hash=999340d48869db49c9668aefff622493910de50b5c92a2643193b513c9ddf346
[2025-12-01 01:05:42] [DEBUG] Poll ok: code=0 len=10 last_mod=n/a etag=n/a hash=999340d48869db49c9668aefff622493910de50b5c92a2643193b513c9ddf346
[2025-12-01 01:05:44] [DEBUG] Poll ok: code=0 len=10 last_mod=n/a etag=n/a hash=999340d48869db49c9668aefff622493910de50b5c92a2643193b513c9ddf346
[2025-12-01 01:05:46] [DEBUG] Poll ok: code=0 len=10 last_mod=n/a etag=n/a hash=999340d48869db49c9668aefff622493910de50b5c92a2643193b513c9ddf346
[2025-12-01 01:05:48] [DEBUG] Poll ok: code=0 len=10 last_mod=n/a etag=n/a hash=999340d48869db49c9668aefff622493910de50b5c92a2643193b513c9ddf346
[2025-12-01 01:05:50] [DEBUG] Poll ok: code=0 len=10 last_mod=n/a etag=n/a hash=999340d48869db49c9668aefff622493910de50b5c92a2643193b513c9ddf346
[2025-12-01 01:05:52] [DEBUG] Poll ok: code=0 len=10 last_mod=n/a etag=n/a hash=999340d48869db49c9668aefff622493910de50b5c92a2643193b513c9ddf346
[2025-12-01 01:05:54] [DEBUG] Poll ok: code=0 len=10 last_mod=n/a etag=n/a hash=999340d48869db49c9668aefff622493910de50b5c92a2643193b513c9ddf346
[2025-12-01 01:05:56] [DEBUG] Poll ok: code=0 len=10 last_mod=n/a etag=n/a hash=999340d48869db49c9668aefff622493910de50b5c92a2643193b513c9ddf346
[2025-12-01 01:05:58] [DEBUG] Poll ok: code=0 len=10 last_mod=n/a etag=n/a hash=999340d48869db49c9668aefff622493910de50b5c92a2643193b513c9ddf346
[2025-12-01 01:06:00] [DEBUG] Poll ok: code=0 len=10 last_mod=n/a etag=n/a hash=999340d48869db49c9668aefff622493910de50b5c92a2643193b513c9ddf346
[2025-12-01 01:06:02] [DEBUG] Poll ok: code=0 len=10 last_mod=n/a etag=n/a hash=999340d48869db49c9668aefff622493910de50b5c92a2643193b513c9ddf346
[2025-12-01 01:06:04] [DEBUG] Poll ok: code=0 len=10 last_mod=n/a etag=n/a hash=999340d48869db49c9668aefff622493910de50b5c92a2643193b513c9ddf346
[2025-12-01 01:06:06] [DEBUG] Poll ok: code=0 len=10 last_mod=n/a etag=n/a hash=999340d48869db49c9668aefff622493910de50b5c92a2643193b513c9ddf346
[2025-12-01 01:06:08] [DEBUG] Poll ok: code=0 len=10 last_mod=n/a etag=n/a hash=999340d48869db49c9668aefff622493910de50b5c92a2643193b513c9ddf346
[2025-12-01 01:06:10] [DEBUG] Poll ok: code=0 len=10 last_mod=n/a etag=n/a hash=999340d48869db49c9668aefff622493910de50b5c92a2643193b513c9ddf346
[2025-12-01 01:06:12] [DEBUG] Poll ok: code=0 len=10 last_mod=n/a etag=n/a hash=999340d48869db49c9668aefff622493910de50b5c92a2643193b513c9ddf346
[2025-12-01 01:06:14] [DEBUG] Poll ok: code=0 len=10 last_mod=n/a etag=n/a hash=999340d48869db49c9668aefff622493910de50b5c92a2643193b513c9ddf346
[2025-12-01 01:06:16] [DEBUG] Poll ok: code=0 len=10 last_mod=n/a etag=n/a hash=999340d48869db49c9668aefff622493910de50b5c92a2643193b513c9ddf346
[2025-12-01 01:06:18] [DEBUG] Poll ok: code=0 len=10 last_mod=n/a etag=n/a hash=999340d48869db49c9668aefff622493910de50b5c92a2643193b513c9ddf346
[2025-12-01 01:06:20] [DEBUG] Poll ok: code=0 len=10 last_mod=n/a etag=n/a hash=999340d48869db49c9668aefff622493910de50b5c92a2643193b513c9ddf346
[2025-12-01 01:06:22] [DEBUG] Poll ok: code=0 len=10 last_mod=n/a etag=n/a hash=999340d48869db49c9668aefff622493910de50b5c92a2643193b513c9ddf346
[2025-12-01 01:06:24] [DEBUG] Poll ok: code=0 len=10 last_mod=n/a etag=n/a hash=999340d48869db49c9668aefff622493910de50b5c92a2643193b513c9ddf346
[2025-12-01 01:06:26] [DEBUG] Poll ok: code=0 len=10 last_mod=n/a etag=n/a hash=999340d48869db49c9668aefff622493910de50b5c92a2643193b513c9ddf346
[2025-12-01 01:06:28] [DEBUG] Poll ok: code=0 len=10 last_mod=n/a etag=n/a hash=999340d48869db49c9668aefff622493910de50b5c92a2643193b513c9ddf346
[2025-12-01 01:06:30] [DEBUG] Poll ok: code=0 len=10 last_mod=n/a etag=n/a hash=999340d48869db49c9668aefff622493910de50b5c92a2643193b513c9ddf346
[2025-12-01 01:06:32] [DEBUG] Poll ok: code=0 len=10 last_mod=n/a etag=n/a hash=999340d48869db49c9668aefff622493910de50b5c92a2643193b513c9ddf346
[2025-12-01 01:06:34] [DEBUG] Poll ok: code=0 len=10 last_mod=n/a etag=n/a hash=999340d48869db49c9668aefff622493910de50b5c92a2643193b513c9ddf346
[2025-12-01 01:06:36] [DEBUG] Poll ok: code=0 len=10 last_mod=n/a etag=n/a hash=999340d48869db49c9668aefff622493910de50b5c92a2643193b513c9ddf346
[2025-12-01 01:06:38] [DEBUG] Poll ok: code=0 len=10 last_mod=n/a etag=n/a hash=999340d48869db49c9668aefff622493910de50b5c92a2643193b513c9ddf346
[2025-12-01 01:06:40] [DEBUG] Poll ok: code=0 len=10 last_mod=n/a etag=n/a hash=999340d48869db49c9668aefff622493910de50b5c92a2643193b513c9ddf346
[2025-12-01 01:06:42] [DEBUG] Poll ok: code=0 len=10 last_mod=n/a etag=n/a hash=999340d48869db49c9668aefff622493910de50b5c92a2643193b513c9ddf346
[2025-12-01 01:06:44] [DEBUG] Poll ok: code=0 len=10 last_mod=n/a etag=n/a hash=999340d48869db49c9668aefff622493910de50b5c92a2643193b513c9ddf346
[2025-12-01 01:06:46] [DEBUG] Poll ok: code=0 len=10 last_mod=n/a etag=n/a hash=999340d48869db49c9668aefff622493910de50b5c92a2643193b513c9ddf346
[2025-12-01 01:06:48] [DEBUG] Poll ok: code=0 len=10 last_mod=n/a etag=n/a hash=999340d48869db49c9668aefff622493910de50b5c92a2643193b513c9ddf346
[2025-12-01 01:06:50] [DEBUG] Poll ok: code=0 len=10 last_mod=n/a etag=n/a hash=999340d48869db49c9668aefff622493910de50b5c92a2643193b513c9ddf346
[2025-12-01 01:06:52] [DEBUG] Poll ok: code=0 len=10 last_mod=n/a etag=n/a hash=999340d48869db49c9668aefff622493910de50b5c92a2643193b513c9ddf346
[2025-12-01 01:06:54] [DEBUG] Poll ok: code=0 len=10 last_mod=n/a etag=n/a hash=999340d48869db49c9668aefff622493910de50b5c92a2643193b513c9ddf346
[2025-12-01 01:06:56] [DEBUG] Poll ok: code=0 len=10 last_mod=n/a etag=n/a hash=999340d48869db49c9668aefff622493910de50b5c92a2643193b513c9ddf346
[2025-12-01 01:06:58] [DEBUG] Poll ok: code=0 len=10 last_mod=n/a etag=n/a hash=999340d48869db49c9668aefff622493910de50b5c92a2643193b513c9ddf346
[2025-12-01 01:07:00] [DEBUG] Poll ok: code=0 len=10 last_mod=n/a etag=n/a hash=999340d48869db49c9668aefff622493910de50b5c92a2643193b513c9ddf346
[2025-12-01 01:07:02] [DEBUG] Poll ok: code=0 len=10 last_mod=n/a etag=n/a hash=999340d48869db49c9668aefff622493910de50b5c92a2643193b513c9ddf346
[2025-12-01 01:07:04] [DEBUG] Poll ok: code=0 len=10 last_mod=n/a etag=n/a hash=999340d48869db49c9668aefff622493910de50b5c92a2643193b513c9ddf346
[2025-12-01 01:07:06] [DEBUG] Poll ok: code=0 len=10 last_mod=n/a etag=n/a hash=999340d48869db49c9668aefff622493910de50b5c92a2643193b513c9ddf346
[2025-12-01 01:07:08] [DEBUG] Poll ok: code=0 len=10 last_mod=n/a etag=n/a hash=999340d48869db49c9668aefff622493910de50b5c92a2643193b513c9ddf346
[2025-12-01 01:07:10] [DEBUG] Poll ok: code=0 len=10 last_mod=n/a etag=n/a hash=999340d48869db49c9668aefff622493910de50b5c92a2643193b513c9ddf346
[2025-12-01 01:07:12] [DEBUG] Poll ok: code=0 len=10 last_mod=n/a etag=n/a hash=999340d48869db49c9668aefff622493910de50b5c92a2643193b513c9ddf346
[2025-12-01 01:07:14] [DEBUG] Poll ok: code=0 len=10 last_mod=n/a etag=n/a hash=999340d48869db49c9668aefff622493910de50b5c92a2643193b513c9ddf346
[2025-12-01 01:07:16] [DEBUG] Poll ok: code=0 len=10 last_mod=n/a etag=n/a hash=999340d48869db49c9668aefff622493910de50b5c92a2643193b513c9ddf346
[2025-12-01 01:07:18] [DEBUG] Poll ok: code=0 len=10 last_mod=n/a etag=n/a hash=999340d48869db49c9668aefff622493910de50b5c92a2643193b513c9ddf346
[2025-12-01 01:07:20] [DEBUG] Poll ok: code=0 len=10 last_mod=n/a etag=n/a hash=999340d48869db49c9668aefff622493910de50b5c92a2643193b513c9ddf346
[2025-12-01 01:07:22] [DEBUG] Poll ok: code=0 len=10 last_mod=n/a etag=n/a hash=999340d48869db49c9668aefff622493910de50b5c92a2643193b513c9ddf346
[2025-12-01 01:07:24] [DEBUG] Poll ok: code=0 len=10 last_mod=n/a etag=n/a hash=999340d48869db49c9668aefff622493910de50b5c92a2643193b513c9ddf346
[2025-12-01 01:07:27] [DEBUG] Poll ok: code=0 len=10 last_mod=n/a etag=n/a hash=999340d48869db49c9668aefff622493910de50b5c92a2643193b513c9ddf346
[2025-12-01 01:07:29] [DEBUG] Poll ok: code=0 len=10 last_mod=n/a etag=n/a hash=999340d48869db49c9668aefff622493910de50b5c92a2643193b513c9ddf346
[2025-12-01 01:07:31] [DEBUG] Poll ok: code=0 len=10 last_mod=n/a etag=n/a hash=999340d48869db49c9668aefff622493910de50b5c92a2643193b513c9ddf346
[2025-12-01 01:07:33] [DEBUG] Poll ok: code=0 len=10 last_mod=n/a etag=n/a hash=999340d48869db49c9668aefff622493910de50b5c92a2643193b513c9ddf346
[2025-12-01 01:07:35] [DEBUG] Poll ok: code=0 len=10 last_mod=n/a etag=n/a hash=999340d48869db49c9668aefff622493910de50b5c92a2643193b513c9ddf346
[2025-12-01 01:07:37] [DEBUG] Poll ok: code=0 len=10 last_mod=n/a etag=n/a hash=999340d48869db49c9668aefff622493910de50b5c92a2643193b513c9ddf346
[2025-12-01 01:07:39] [DEBUG] Poll ok: code=0 len=10 last_mod=n/a etag=n/a hash=999340d48869db49c9668aefff622493910de50b5c92a2643193b513c9ddf346
[2025-12-01 01:07:41] [DEBUG] Poll ok: code=0 len=10 last_mod=n/a etag=n/a hash=999340d48869db49c9668aefff622493910de50b5c92a2643193b513c9ddf346
[2025-12-01 01:07:43] [DEBUG] Poll ok: code=0 len=10 last_mod=n/a etag=n/a hash=999340d48869db49c9668aefff622493910de50b5c92a2643193b513c9ddf346
[2025-12-01 01:07:45] [DEBUG] Poll ok: code=0 len=10 last_mod=n/a etag=n/a hash=999340d48869db49c9668aefff622493910de50b5c92a2643193b513c9ddf346
[2025-12-01 01:07:47] [DEBUG] Poll ok: code=0 len=10 last_mod=n/a etag=n/a hash=999340d48869db49c9668aefff622493910de50b5c92a2643193b513c9ddf346
[2025-12-01 01:07:49] [DEBUG] Poll ok: code=0 len=10 last_mod=n/a etag=n/a hash=999340d48869db49c9668aefff622493910de50b5c92a2643193b513c9ddf346
[2025-12-01 01:07:51] [DEBUG] Poll ok: code=0 len=10 last_mod=n/a etag=n/a hash=999340d48869db49c9668aefff622493910de50b5c92a2643193b513c9ddf346
[2025-12-01 01:07:53] [DEBUG] Poll ok: code=0 len=10 last_mod=n/a etag=n/a hash=999340d48869db49c9668aefff622493910de50b5c92a2643193b513c9ddf346
[2025-12-01 01:07:55] [DEBUG] Poll ok: code=0 len=10 last_mod=n/a etag=n/a hash=999340d48869db49c9668aefff622493910de50b5c92a2643193b513c9ddf346
[2025-12-01 01:07:57] [DEBUG] Poll ok: code=0 len=10 last_mod=n/a etag=n/a hash=999340d48869db49c9668aefff622493910de50b5c92a2643193b513c9ddf346
[2025-12-01 01:07:59] [DEBUG] Poll ok: code=0 len=10 last_mod=n/a etag=n/a hash=999340d48869db49c9668aefff622493910de50b5c92a2643193b513c9ddf346
[2025-12-01 01:08:01] [DEBUG] Poll ok: code=0 len=10 last_mod=n/a etag=n/a hash=999340d48869db49c9668aefff622493910de50b5c92a2643193b513c9ddf346
[2025-12-01 01:08:03] [DEBUG] Poll ok: code=0 len=10 last_mod=n/a etag=n/a hash=999340d48869db49c9668aefff622493910de50b5c92a2643193b513c9ddf346
[2025-12-01 01:08:05] [DEBUG] Poll ok: code=0 len=10 last_mod=n/a etag=n/a hash=999340d48869db49c9668aefff622493910de50b5c92a2643193b513c9ddf346
[2025-12-01 01:08:07] [DEBUG] Poll ok: code=0 len=10 last_mod=n/a etag=n/a hash=999340d48869db49c9668aefff622493910de50b5c92a2643193b513c9ddf346
[2025-12-01 01:08:09] [DEBUG] Poll ok: code=0 len=10 last_mod=n/a etag=n/a hash=999340d48869db49c9668aefff622493910de50b5c92a2643193b513c9ddf346
[2025-12-01 01:08:11] [DEBUG] Poll ok: code=0 len=10 last_mod=n/a etag=n/a hash=999340d48869db49c9668aefff622493910de50b5c92a2643193b513c9ddf346
[2025-12-01 01:08:13] [DEBUG] Poll ok: code=0 len=10 last_mod=n/a etag=n/a hash=999340d48869db49c9668aefff622493910de50b5c92a2643193b513c9ddf346
[2025-12-01 01:08:15] [DEBUG] Poll ok: code=0 len=10 last_mod=n/a etag=n/a hash=999340d48869db49c9668aefff622493910de50b5c92a2643193b513c9ddf346
[2025-12-01 01:08:17] [DEBUG] Poll ok: code=0 len=10 last_mod=n/a etag=n/a hash=999340d48869db49c9668aefff622493910de50b5c92a2643193b513c9ddf346
[2025-12-01 01:08:19] [DEBUG] Poll ok: code=0 len=10 last_mod=n/a etag=n/a hash=999340d48869db49c9668aefff622493910de50b5c92a2643193b513c9ddf346
[2025-12-01 01:08:21] [DEBUG] Poll ok: code=0 len=10 last_mod=n/a etag=n/a hash=999340d48869db49c9668aefff622493910de50b5c92a2643193b513c9ddf346
[2025-12-01 01:08:23] [DEBUG] Poll ok: code=0 len=10 last_mod=n/a etag=n/a hash=999340d48869db49c9668aefff622493910de50b5c92a2643193b513c9ddf346
[2025-12-01 01:08:25] [DEBUG] Poll ok: code=0 len=10 last_mod=n/a etag=n/a hash=999340d48869db49c9668aefff622493910de50b5c92a2643193b513c9ddf346
[2025-12-01 01:08:27] [DEBUG] Poll ok: code=0 len=10 last_mod=n/a etag=n/a hash=999340d48869db49c9668aefff622493910de50b5c92a2643193b513c9ddf346
[2025-12-01 01:08:29] [DEBUG] Poll ok: code=0 len=10 last_mod=n/a etag=n/a hash=999340d48869db49c9668aefff622493910de50b5c92a2643193b513c9ddf346
[2025-12-01 01:08:31] [DEBUG] Poll ok: code=0 len=10 last_mod=n/a etag=n/a hash=999340d48869db49c9668aefff622493910de50b5c92a2643193b513c9ddf346
[2025-12-01 01:08:33] [DEBUG] Poll ok: code=0 len=10 last_mod=n/a etag=n/a hash=999340d48869db49c9668aefff622493910de50b5c92a2643193b513c9ddf346
[2025-12-01 01:08:35] [DEBUG] Poll ok: code=0 len=10 last_mod=n/a etag=n/a hash=999340d48869db49c9668aefff622493910de50b5c92a2643193b513c9ddf346
[2025-12-01 01:08:37] [DEBUG] Poll ok: code=0 len=10 last_mod=n/a etag=n/a hash=999340d48869db49c9668aefff622493910de50b5c92a2643193b513c9ddf346
[2025-12-01 01:08:39] [DEBUG] Poll ok: code=0 len=10 last_mod=n/a etag=n/a hash=999340d48869db49c9668aefff622493910de50b5c92a2643193b513c9ddf346
[2025-12-01 01:08:41] [DEBUG] Poll ok: code=0 len=10 last_mod=n/a etag=n/a hash=999340d48869db49c9668aefff622493910de50b5c92a2643193b513c9ddf346
[2025-12-01 01:08:43] [DEBUG] Poll ok: code=0 len=10 last_mod=n/a etag=n/a hash=999340d48869db49c9668aefff622493910de50b5c92a2643193b513c9ddf346
[2025-12-01 01:08:45] [DEBUG] Poll ok: code=0 len=10 last_mod=n/a etag=n/a hash=999340d48869db49c9668aefff622493910de50b5c92a2643193b513c9ddf346
[2025-12-01 01:08:47] [DEBUG] Poll ok: code=0 len=10 last_mod=n/a etag=n/a hash=999340d48869db49c9668aefff622493910de50b5c92a2643193b513c9ddf346
[2025-12-01 01:08:49] [DEBUG] Poll ok: code=0 len=10 last_mod=n/a etag=n/a hash=999340d48869db49c9668aefff622493910de50b5c92a2643193b513c9ddf346
[2025-12-01 01:08:51] [DEBUG] Poll ok: code=0 len=10 last_mod=n/a etag=n/a hash=999340d48869db49c9668aefff622493910de50b5c92a2643193b513c9ddf346
[2025-12-01 01:08:53] [DEBUG] Poll ok: code=0 len=10 last_mod=n/a etag=n/a hash=999340d48869db49c9668aefff622493910de50b5c92a2643193b513c9ddf346
[2025-12-01 01:08:55] [DEBUG] Poll ok: code=0 len=10 last_mod=n/a etag=n/a hash=999340d48869db49c9668aefff622493910de50b5c92a2643193b513c9ddf346
[2025-12-01 01:08:57] [DEBUG] Poll ok: code=0 len=10 last_mod=n/a etag=n/a hash=999340d48869db49c9668aefff622493910de50b5c92a2643193b513c9ddf346
[2025-12-01 01:08:59] [DEBUG] Poll ok: code=0 len=10 last_mod=n/a etag=n/a hash=999340d48869db49c9668aefff622493910de50b5c92a2643193b513c9ddf346
